+ local F_OSNAME=CentOS7
+ local F_REGION=us-west-2
+ local F_INSTANCES=4
+ local F_KEYPATH=/home/doug/.ssh/id_rsa.pub
+ local F_PEMINSTANCE=1
+ local F_PROJECTNAME=test
+ process_log 'Building AWS Servers'
++ date '+%m-%d-%y %H:%M:%S'
+ echo 'PID: 3481 [09-16-20 15:17:59]: Building AWS Servers'
PID: 3481 [09-16-20 15:17:59]: Building AWS Servers
+ cd /home/doug/postgres-deployment/terraform/aws
+ process_log 'including project names in the variables and tags'
++ date '+%m-%d-%y %H:%M:%S'
+ echo 'PID: 3481 [09-16-20 15:17:59]: including project names in the variables and tags'
PID: 3481 [09-16-20 15:17:59]: including project names in the variables and tags
+ sed s/PROJECT_NAME/test/g tags.tf.template
+ sed s/PROJECT_NAME/test/g variables.tf.template
+ terraform init
[0m[1mInitializing modules...[0m
- edb-db-cluster in environments/ec2
- iam in global/iam
- network in environments/network
- policies in environments/policies
- routes in environments/routes
- security in environments/security
- vpc in environments/vpc

[0m[1mInitializing the backend...[0m

[0m[1mInitializing provider plugins...[0m
- Finding latest version of hashicorp/aws...
- Finding latest version of hashicorp/local...
- Installing hashicorp/aws v3.6.0...
- Installed hashicorp/aws v3.6.0 (signed by HashiCorp)
- Installing hashicorp/local v1.4.0...
- Installed hashicorp/local v1.4.0 (signed by HashiCorp)

The following providers do not have any version constraints in configuration,
so the latest version was installed.

To prevent automatic upgrades to new major versions that may contain breaking
changes, we recommend adding version constraints in a required_providers block
in your configuration, with the constraint strings suggested below.

* hashicorp/aws: version = "~> 3.6.0"
* hashicorp/local: version = "~> 1.4.0"

[0m[1m[32mTerraform has been successfully initialized![0m[32m[0m
[0m[32m
You may now begin working with Terraform. Try running "terraform plan" to see
any changes that are required for your infrastructure. All Terraform commands
should now work.

If you ever set or change modules or backend configuration for Terraform,
rerun this command to reinitialize your working directory. If you forget, other
commands will detect it and remind you to do so if necessary.[0m
+ terraform apply -auto-approve -var=os=CentOS7 -var=aws_region=us-west-2 -var=instance_count=4 -var=ssh_key_path=/home/doug/.ssh/id_rsa.pub -var=pem_instance_count=1
[0m[1mmodule.iam.aws_iam_user.this: Creating...[0m[0m
[0m[1mmodule.iam.aws_iam_user.this: Still creating... [10s elapsed][0m[0m
[0m[1mmodule.iam.aws_iam_user.this: Still creating... [20s elapsed][0m[0m
[0m[1mmodule.iam.aws_iam_user.this: Still creating... [30s elapsed][0m[0m
[0m[1mmodule.iam.aws_iam_user.this: Still creating... [40s elapsed][0m[0m
[0m[1mmodule.iam.aws_iam_user.this: Still creating... [50s elapsed][0m[0m
[0m[1mmodule.iam.aws_iam_user.this: Still creating... [1m0s elapsed][0m[0m
[0m[1mmodule.iam.aws_iam_user.this: Still creating... [1m10s elapsed][0m[0m
[0m[1mmodule.iam.aws_iam_user.this: Still creating... [1m20s elapsed][0m[0m
[0m[1mmodule.iam.aws_iam_user.this: Still creating... [1m30s elapsed][0m[0m
[0m[1mmodule.iam.aws_iam_user.this: Still creating... [1m40s elapsed][0m[0m
[0m[1mmodule.iam.aws_iam_user.this: Still creating... [1m50s elapsed][0m[0m
[0m[1mmodule.iam.aws_iam_user.this: Still creating... [2m0s elapsed][0m[0m
[0m[1mmodule.iam.aws_iam_user.this: Still creating... [2m10s elapsed][0m[0m
[0m[1mmodule.iam.aws_iam_user.this: Still creating... [2m20s elapsed][0m[0m
[0m[1mmodule.iam.aws_iam_user.this: Still creating... [2m30s elapsed][0m[0m
[0m[1mmodule.iam.aws_iam_user.this: Still creating... [2m40s elapsed][0m[0m
[0m[1mmodule.iam.aws_iam_user.this: Still creating... [2m50s elapsed][0m[0m
[0m[1mmodule.iam.aws_iam_user.this: Still creating... [3m0s elapsed][0m[0m
[0m[1mmodule.iam.aws_iam_user.this: Still creating... [3m10s elapsed][0m[0m
[0m[1mmodule.iam.aws_iam_user.this: Still creating... [3m20s elapsed][0m[0m
[0m[1mmodule.iam.aws_iam_user.this: Still creating... [3m30s elapsed][0m[0m
[0m[1mmodule.iam.aws_iam_user.this: Still creating... [3m40s elapsed][0m[0m
[0m[1mmodule.iam.aws_iam_user.this: Still creating... [3m50s elapsed][0m[0m
[31m
[1m[31mError: [0m[0m[1mError creating IAM User test-edb-iam-postgres: RequestError: send request failed
caused by: Post "https://iam.amazonaws.com/": dial tcp 205.251.242.222:443: connect: connection refused[0m

[0m[0m[0m
