[0m[1mmodule.resourcegroup.azurerm_resource_group.resource_group: Refreshing state... [id=/subscriptions/ac9903a5-bfd9-4576-a9cc-a463f5e41079/resourceGroups/test_EDB-PREREQS-RESOURCEGROUP][0m
[0m[1mmodule.network.azurerm_virtual_network.main: Refreshing state... [id=/subscriptions/ac9903a5-bfd9-4576-a9cc-a463f5e41079/resourceGroups/test_EDB-PREREQS-RESOURCEGROUP/providers/Microsoft.Network/virtualNetworks/test_EDB-PREREQS-VNet][0m
[0m[1mmodule.security.azurerm_network_security_group.main: Refreshing state... [id=/subscriptions/ac9903a5-bfd9-4576-a9cc-a463f5e41079/resourceGroups/test_EDB-PREREQS-RESOURCEGROUP/providers/Microsoft.Network/networkSecurityGroups/test_EDB-PREREQS-SECURITYGROUP][0m
[0m[1mmodule.vm.local_file.AnsibleOSCSVFile: Refreshing state... [id=47d66bc9eb5f922be52dea109dc6e0ca7a17998b][0m
[0m[1mmodule.vm.azurerm_public_ip.publicip[1]: Refreshing state... [id=/subscriptions/ac9903a5-bfd9-4576-a9cc-a463f5e41079/resourceGroups/test_EDB-PREREQS-RESOURCEGROUP/providers/Microsoft.Network/publicIPAddresses/EDB-PREREQS-PUBLIC-IP-1][0m
[0m[1mmodule.vm.azurerm_public_ip.publicip[3]: Refreshing state... [id=/subscriptions/ac9903a5-bfd9-4576-a9cc-a463f5e41079/resourceGroups/test_EDB-PREREQS-RESOURCEGROUP/providers/Microsoft.Network/publicIPAddresses/EDB-PREREQS-PUBLIC-IP-3][0m
[0m[1mmodule.vm.azurerm_subnet.subnet[0]: Refreshing state... [id=/subscriptions/ac9903a5-bfd9-4576-a9cc-a463f5e41079/resourceGroups/test_EDB-PREREQS-RESOURCEGROUP/providers/Microsoft.Network/virtualNetworks/test_EDB-PREREQS-VNet/subnets/EDB-PREREQS-SUBNET-0][0m
[0m[1mmodule.vm.azurerm_subnet.subnet[2]: Refreshing state... [id=/subscriptions/ac9903a5-bfd9-4576-a9cc-a463f5e41079/resourceGroups/test_EDB-PREREQS-RESOURCEGROUP/providers/Microsoft.Network/virtualNetworks/test_EDB-PREREQS-VNet/subnets/EDB-PREREQS-SUBNET-2][0m
[0m[1mmodule.vm.azurerm_subnet.subnet[1]: Refreshing state... [id=/subscriptions/ac9903a5-bfd9-4576-a9cc-a463f5e41079/resourceGroups/test_EDB-PREREQS-RESOURCEGROUP/providers/Microsoft.Network/virtualNetworks/test_EDB-PREREQS-VNet/subnets/EDB-PREREQS-SUBNET-1][0m
[0m[1mmodule.vm.azurerm_public_ip.publicip[2]: Refreshing state... [id=/subscriptions/ac9903a5-bfd9-4576-a9cc-a463f5e41079/resourceGroups/test_EDB-PREREQS-RESOURCEGROUP/providers/Microsoft.Network/publicIPAddresses/EDB-PREREQS-PUBLIC-IP-2][0m
[0m[1mmodule.vm.azurerm_subnet.subnet[3]: Refreshing state... [id=/subscriptions/ac9903a5-bfd9-4576-a9cc-a463f5e41079/resourceGroups/test_EDB-PREREQS-RESOURCEGROUP/providers/Microsoft.Network/virtualNetworks/test_EDB-PREREQS-VNet/subnets/EDB-PREREQS-SUBNET-3][0m
[0m[1mmodule.storageaccount.azurerm_storage_account.storage: Refreshing state... [id=/subscriptions/ac9903a5-bfd9-4576-a9cc-a463f5e41079/resourceGroups/test_EDB-PREREQS-RESOURCEGROUP/providers/Microsoft.Storage/storageAccounts/testedbpostgres][0m
[0m[1mmodule.vm.azurerm_public_ip.publicip[0]: Refreshing state... [id=/subscriptions/ac9903a5-bfd9-4576-a9cc-a463f5e41079/resourceGroups/test_EDB-PREREQS-RESOURCEGROUP/providers/Microsoft.Network/publicIPAddresses/EDB-PREREQS-PUBLIC-IP-0][0m
[0m[1mmodule.vm.azurerm_network_interface.Public_Nic[1]: Refreshing state... [id=/subscriptions/ac9903a5-bfd9-4576-a9cc-a463f5e41079/resourceGroups/test_EDB-PREREQS-RESOURCEGROUP/providers/Microsoft.Network/networkInterfaces/EDB-PREREQS-PUBLIC-NIC-1][0m
[0m[1mmodule.vm.azurerm_network_interface.Public_Nic[2]: Refreshing state... [id=/subscriptions/ac9903a5-bfd9-4576-a9cc-a463f5e41079/resourceGroups/test_EDB-PREREQS-RESOURCEGROUP/providers/Microsoft.Network/networkInterfaces/EDB-PREREQS-PUBLIC-NIC-2][0m
[0m[1mmodule.vm.azurerm_network_interface.Public_Nic[3]: Refreshing state... [id=/subscriptions/ac9903a5-bfd9-4576-a9cc-a463f5e41079/resourceGroups/test_EDB-PREREQS-RESOURCEGROUP/providers/Microsoft.Network/networkInterfaces/EDB-PREREQS-PUBLIC-NIC-3][0m
[0m[1mmodule.vm.local_file.host_script: Refreshing state... [id=907c8eceb03903f66211d8cadbffc021e0cabbbf][0m
[0m[1mmodule.vm.azurerm_network_interface.Public_Nic[0]: Refreshing state... [id=/subscriptions/ac9903a5-bfd9-4576-a9cc-a463f5e41079/resourceGroups/test_EDB-PREREQS-RESOURCEGROUP/providers/Microsoft.Network/networkInterfaces/EDB-PREREQS-PUBLIC-NIC-0][0m
[0m[1mmodule.vm.local_file.AnsiblePEMYamlInventory[3]: Refreshing state... [id=724b58dcff1aac09279135b88c241b47cda06445][0m
[0m[1mmodule.vm.local_file.AnsibleYamlInventory[3]: Refreshing state... [id=3559f8913e65979e0357e660ee3d04d4bd08fbfc][0m
[0m[1mmodule.vm.local_file.AnsiblePEMYamlInventory[2]: Refreshing state... [id=724b58dcff1aac09279135b88c241b47cda06445][0m
[0m[1mmodule.vm.local_file.AnsiblePEMYamlInventory[0]: Refreshing state... [id=724b58dcff1aac09279135b88c241b47cda06445][0m
[0m[1mmodule.vm.local_file.AnsiblePEMYamlInventory[1]: Refreshing state... [id=724b58dcff1aac09279135b88c241b47cda06445][0m
[0m[1mmodule.vm.local_file.AnsibleYamlInventory[1]: Refreshing state... [id=3559f8913e65979e0357e660ee3d04d4bd08fbfc][0m
[0m[1mmodule.vm.local_file.AnsibleYamlInventory[2]: Refreshing state... [id=3559f8913e65979e0357e660ee3d04d4bd08fbfc][0m
[0m[1mmodule.vm.azurerm_linux_virtual_machine.vm[1]: Refreshing state... [id=/subscriptions/ac9903a5-bfd9-4576-a9cc-a463f5e41079/resourceGroups/test_EDB-PREREQS-RESOURCEGROUP/providers/Microsoft.Compute/virtualMachines/testEDBstandby1][0m
[0m[1mmodule.vm.azurerm_linux_virtual_machine.vm[2]: Refreshing state... [id=/subscriptions/ac9903a5-bfd9-4576-a9cc-a463f5e41079/resourceGroups/test_EDB-PREREQS-RESOURCEGROUP/providers/Microsoft.Compute/virtualMachines/testEDBstandby2][0m
[0m[1mmodule.vm.azurerm_linux_virtual_machine.vm[0]: Refreshing state... [id=/subscriptions/ac9903a5-bfd9-4576-a9cc-a463f5e41079/resourceGroups/test_EDB-PREREQS-RESOURCEGROUP/providers/Microsoft.Compute/virtualMachines/testEDBprimary][0m
[0m[1mmodule.vm.local_file.AnsibleYamlInventory[0]: Refreshing state... [id=3559f8913e65979e0357e660ee3d04d4bd08fbfc][0m
[0m[1mmodule.vm.azurerm_linux_virtual_machine.vm[3]: Refreshing state... [id=/subscriptions/ac9903a5-bfd9-4576-a9cc-a463f5e41079/resourceGroups/test_EDB-PREREQS-RESOURCEGROUP/providers/Microsoft.Compute/virtualMachines/testEDBstandby3][0m
[0m[1mmodule.storagecontainer.azurerm_storage_container.container: Refreshing state... [id=https://testedbpostgres.blob.core.windows.net/testedbprereqsstoragecontainer][0m
[0m[1mmodule.vm.local_file.AnsibleOSCSVFile: Destroying... [id=47d66bc9eb5f922be52dea109dc6e0ca7a17998b][0m[0m
[0m[1mmodule.vm.local_file.host_script: Destroying... [id=907c8eceb03903f66211d8cadbffc021e0cabbbf][0m[0m
[0m[1mmodule.vm.local_file.AnsibleOSCSVFile: Destruction complete after 0s[0m[0m
[0m[1mmodule.vm.local_file.host_script: Destruction complete after 0s[0m[0m
[0m[1mmodule.vm.azurerm_linux_virtual_machine.vm[3]: Destroying... [id=/subscriptions/ac9903a5-bfd9-4576-a9cc-a463f5e41079/resourceGroups/test_EDB-PREREQS-RESOURCEGROUP/providers/Microsoft.Compute/virtualMachines/testEDBstandby3][0m[0m
[0m[1mmodule.storagecontainer.azurerm_storage_container.container: Destroying... [id=https://testedbpostgres.blob.core.windows.net/testedbprereqsstoragecontainer][0m[0m
[0m[1mmodule.security.azurerm_network_security_group.main: Destroying... [id=/subscriptions/ac9903a5-bfd9-4576-a9cc-a463f5e41079/resourceGroups/test_EDB-PREREQS-RESOURCEGROUP/providers/Microsoft.Network/networkSecurityGroups/test_EDB-PREREQS-SECURITYGROUP][0m[0m
[0m[1mmodule.vm.azurerm_linux_virtual_machine.vm[1]: Destroying... [id=/subscriptions/ac9903a5-bfd9-4576-a9cc-a463f5e41079/resourceGroups/test_EDB-PREREQS-RESOURCEGROUP/providers/Microsoft.Compute/virtualMachines/testEDBstandby1][0m[0m
[0m[1mmodule.vm.azurerm_linux_virtual_machine.vm[0]: Destroying... [id=/subscriptions/ac9903a5-bfd9-4576-a9cc-a463f5e41079/resourceGroups/test_EDB-PREREQS-RESOURCEGROUP/providers/Microsoft.Compute/virtualMachines/testEDBprimary][0m[0m
[0m[1mmodule.vm.azurerm_linux_virtual_machine.vm[2]: Destroying... [id=/subscriptions/ac9903a5-bfd9-4576-a9cc-a463f5e41079/resourceGroups/test_EDB-PREREQS-RESOURCEGROUP/providers/Microsoft.Compute/virtualMachines/testEDBstandby2][0m[0m
[0m[1mmodule.security.azurerm_network_security_group.main: Destruction complete after 1s[0m[0m
[0m[1mmodule.storagecontainer.azurerm_storage_container.container: Destruction complete after 1s[0m[0m
[0m[1mmodule.storageaccount.azurerm_storage_account.storage: Destroying... [id=/subscriptions/ac9903a5-bfd9-4576-a9cc-a463f5e41079/resourceGroups/test_EDB-PREREQS-RESOURCEGROUP/providers/Microsoft.Storage/storageAccounts/testedbpostgres][0m[0m
[0m[1mmodule.storageaccount.azurerm_storage_account.storage: Destruction complete after 3s[0m[0m
[0m[1mmodule.vm.azurerm_linux_virtual_machine.vm[3]: Still destroying... [id=/subscriptions/ac9903a5-bfd9-4576-a9cc-...ompute/virtualMachines/testEDBstandby3, 10s elapsed][0m[0m
[0m[1mmodule.vm.azurerm_linux_virtual_machine.vm[1]: Still destroying... [id=/subscriptions/ac9903a5-bfd9-4576-a9cc-...ompute/virtualMachines/testEDBstandby1, 10s elapsed][0m[0m
[0m[1mmodule.vm.azurerm_linux_virtual_machine.vm[0]: Still destroying... [id=/subscriptions/ac9903a5-bfd9-4576-a9cc-...Compute/virtualMachines/testEDBprimary, 10s elapsed][0m[0m
[0m[1mmodule.vm.azurerm_linux_virtual_machine.vm[2]: Still destroying... [id=/subscriptions/ac9903a5-bfd9-4576-a9cc-...ompute/virtualMachines/testEDBstandby2, 10s elapsed][0m[0m
[0m[1mmodule.vm.azurerm_linux_virtual_machine.vm[3]: Still destroying... [id=/subscriptions/ac9903a5-bfd9-4576-a9cc-...ompute/virtualMachines/testEDBstandby3, 20s elapsed][0m[0m
[0m[1mmodule.vm.azurerm_linux_virtual_machine.vm[1]: Still destroying... [id=/subscriptions/ac9903a5-bfd9-4576-a9cc-...ompute/virtualMachines/testEDBstandby1, 20s elapsed][0m[0m
[0m[1mmodule.vm.azurerm_linux_virtual_machine.vm[0]: Still destroying... [id=/subscriptions/ac9903a5-bfd9-4576-a9cc-...Compute/virtualMachines/testEDBprimary, 20s elapsed][0m[0m
[0m[1mmodule.vm.azurerm_linux_virtual_machine.vm[2]: Still destroying... [id=/subscriptions/ac9903a5-bfd9-4576-a9cc-...ompute/virtualMachines/testEDBstandby2, 20s elapsed][0m[0m
[0m[1mmodule.vm.azurerm_linux_virtual_machine.vm[3]: Still destroying... [id=/subscriptions/ac9903a5-bfd9-4576-a9cc-...ompute/virtualMachines/testEDBstandby3, 30s elapsed][0m[0m
[0m[1mmodule.vm.azurerm_linux_virtual_machine.vm[1]: Still destroying... [id=/subscriptions/ac9903a5-bfd9-4576-a9cc-...ompute/virtualMachines/testEDBstandby1, 30s elapsed][0m[0m
[0m[1mmodule.vm.azurerm_linux_virtual_machine.vm[0]: Still destroying... [id=/subscriptions/ac9903a5-bfd9-4576-a9cc-...Compute/virtualMachines/testEDBprimary, 30s elapsed][0m[0m
[0m[1mmodule.vm.azurerm_linux_virtual_machine.vm[2]: Still destroying... [id=/subscriptions/ac9903a5-bfd9-4576-a9cc-...ompute/virtualMachines/testEDBstandby2, 30s elapsed][0m[0m
[0m[1mmodule.vm.azurerm_linux_virtual_machine.vm[3]: Still destroying... [id=/subscriptions/ac9903a5-bfd9-4576-a9cc-...ompute/virtualMachines/testEDBstandby3, 40s elapsed][0m[0m
[0m[1mmodule.vm.azurerm_linux_virtual_machine.vm[1]: Still destroying... [id=/subscriptions/ac9903a5-bfd9-4576-a9cc-...ompute/virtualMachines/testEDBstandby1, 40s elapsed][0m[0m
[0m[1mmodule.vm.azurerm_linux_virtual_machine.vm[0]: Still destroying... [id=/subscriptions/ac9903a5-bfd9-4576-a9cc-...Compute/virtualMachines/testEDBprimary, 40s elapsed][0m[0m
[0m[1mmodule.vm.azurerm_linux_virtual_machine.vm[2]: Still destroying... [id=/subscriptions/ac9903a5-bfd9-4576-a9cc-...ompute/virtualMachines/testEDBstandby2, 40s elapsed][0m[0m
[0m[1mmodule.vm.azurerm_linux_virtual_machine.vm[3]: Still destroying... [id=/subscriptions/ac9903a5-bfd9-4576-a9cc-...ompute/virtualMachines/testEDBstandby3, 50s elapsed][0m[0m
[0m[1mmodule.vm.azurerm_linux_virtual_machine.vm[1]: Still destroying... [id=/subscriptions/ac9903a5-bfd9-4576-a9cc-...ompute/virtualMachines/testEDBstandby1, 50s elapsed][0m[0m
[0m[1mmodule.vm.azurerm_linux_virtual_machine.vm[0]: Still destroying... [id=/subscriptions/ac9903a5-bfd9-4576-a9cc-...Compute/virtualMachines/testEDBprimary, 50s elapsed][0m[0m
[0m[1mmodule.vm.azurerm_linux_virtual_machine.vm[2]: Still destroying... [id=/subscriptions/ac9903a5-bfd9-4576-a9cc-...ompute/virtualMachines/testEDBstandby2, 50s elapsed][0m[0m
[0m[1mmodule.vm.azurerm_linux_virtual_machine.vm[3]: Still destroying... [id=/subscriptions/ac9903a5-bfd9-4576-a9cc-...ompute/virtualMachines/testEDBstandby3, 1m0s elapsed][0m[0m
[0m[1mmodule.vm.azurerm_linux_virtual_machine.vm[1]: Still destroying... [id=/subscriptions/ac9903a5-bfd9-4576-a9cc-...ompute/virtualMachines/testEDBstandby1, 1m0s elapsed][0m[0m
[0m[1mmodule.vm.azurerm_linux_virtual_machine.vm[0]: Still destroying... [id=/subscriptions/ac9903a5-bfd9-4576-a9cc-...Compute/virtualMachines/testEDBprimary, 1m0s elapsed][0m[0m
[0m[1mmodule.vm.azurerm_linux_virtual_machine.vm[2]: Still destroying... [id=/subscriptions/ac9903a5-bfd9-4576-a9cc-...ompute/virtualMachines/testEDBstandby2, 1m0s elapsed][0m[0m
[0m[1mmodule.vm.azurerm_linux_virtual_machine.vm[3]: Still destroying... [id=/subscriptions/ac9903a5-bfd9-4576-a9cc-...ompute/virtualMachines/testEDBstandby3, 1m10s elapsed][0m[0m
[0m[1mmodule.vm.azurerm_linux_virtual_machine.vm[1]: Still destroying... [id=/subscriptions/ac9903a5-bfd9-4576-a9cc-...ompute/virtualMachines/testEDBstandby1, 1m10s elapsed][0m[0m
[0m[1mmodule.vm.azurerm_linux_virtual_machine.vm[0]: Still destroying... [id=/subscriptions/ac9903a5-bfd9-4576-a9cc-...Compute/virtualMachines/testEDBprimary, 1m10s elapsed][0m[0m
[0m[1mmodule.vm.azurerm_linux_virtual_machine.vm[2]: Still destroying... [id=/subscriptions/ac9903a5-bfd9-4576-a9cc-...ompute/virtualMachines/testEDBstandby2, 1m10s elapsed][0m[0m
[0m[1mmodule.vm.azurerm_linux_virtual_machine.vm[3]: Still destroying... [id=/subscriptions/ac9903a5-bfd9-4576-a9cc-...ompute/virtualMachines/testEDBstandby3, 1m20s elapsed][0m[0m
[0m[1mmodule.vm.azurerm_linux_virtual_machine.vm[1]: Still destroying... [id=/subscriptions/ac9903a5-bfd9-4576-a9cc-...ompute/virtualMachines/testEDBstandby1, 1m20s elapsed][0m[0m
[0m[1mmodule.vm.azurerm_linux_virtual_machine.vm[0]: Still destroying... [id=/subscriptions/ac9903a5-bfd9-4576-a9cc-...Compute/virtualMachines/testEDBprimary, 1m20s elapsed][0m[0m
[0m[1mmodule.vm.azurerm_linux_virtual_machine.vm[2]: Still destroying... [id=/subscriptions/ac9903a5-bfd9-4576-a9cc-...ompute/virtualMachines/testEDBstandby2, 1m20s elapsed][0m[0m
[0m[1mmodule.vm.azurerm_linux_virtual_machine.vm[3]: Still destroying... [id=/subscriptions/ac9903a5-bfd9-4576-a9cc-...ompute/virtualMachines/testEDBstandby3, 1m30s elapsed][0m[0m
[0m[1mmodule.vm.azurerm_linux_virtual_machine.vm[1]: Still destroying... [id=/subscriptions/ac9903a5-bfd9-4576-a9cc-...ompute/virtualMachines/testEDBstandby1, 1m30s elapsed][0m[0m
[0m[1mmodule.vm.azurerm_linux_virtual_machine.vm[0]: Still destroying... [id=/subscriptions/ac9903a5-bfd9-4576-a9cc-...Compute/virtualMachines/testEDBprimary, 1m30s elapsed][0m[0m
[0m[1mmodule.vm.azurerm_linux_virtual_machine.vm[2]: Still destroying... [id=/subscriptions/ac9903a5-bfd9-4576-a9cc-...ompute/virtualMachines/testEDBstandby2, 1m30s elapsed][0m[0m
[0m[1mmodule.vm.azurerm_linux_virtual_machine.vm[3]: Still destroying... [id=/subscriptions/ac9903a5-bfd9-4576-a9cc-...ompute/virtualMachines/testEDBstandby3, 1m40s elapsed][0m[0m
[0m[1mmodule.vm.azurerm_linux_virtual_machine.vm[1]: Still destroying... [id=/subscriptions/ac9903a5-bfd9-4576-a9cc-...ompute/virtualMachines/testEDBstandby1, 1m40s elapsed][0m[0m
[0m[1mmodule.vm.azurerm_linux_virtual_machine.vm[0]: Still destroying... [id=/subscriptions/ac9903a5-bfd9-4576-a9cc-...Compute/virtualMachines/testEDBprimary, 1m40s elapsed][0m[0m
[0m[1mmodule.vm.azurerm_linux_virtual_machine.vm[2]: Still destroying... [id=/subscriptions/ac9903a5-bfd9-4576-a9cc-...ompute/virtualMachines/testEDBstandby2, 1m40s elapsed][0m[0m
[0m[1mmodule.vm.azurerm_linux_virtual_machine.vm[3]: Still destroying... [id=/subscriptions/ac9903a5-bfd9-4576-a9cc-...ompute/virtualMachines/testEDBstandby3, 1m50s elapsed][0m[0m
[0m[1mmodule.vm.azurerm_linux_virtual_machine.vm[1]: Still destroying... [id=/subscriptions/ac9903a5-bfd9-4576-a9cc-...ompute/virtualMachines/testEDBstandby1, 1m50s elapsed][0m[0m
[0m[1mmodule.vm.azurerm_linux_virtual_machine.vm[0]: Still destroying... [id=/subscriptions/ac9903a5-bfd9-4576-a9cc-...Compute/virtualMachines/testEDBprimary, 1m50s elapsed][0m[0m
[0m[1mmodule.vm.azurerm_linux_virtual_machine.vm[2]: Still destroying... [id=/subscriptions/ac9903a5-bfd9-4576-a9cc-...ompute/virtualMachines/testEDBstandby2, 1m50s elapsed][0m[0m
[0m[1mmodule.vm.azurerm_linux_virtual_machine.vm[3]: Still destroying... [id=/subscriptions/ac9903a5-bfd9-4576-a9cc-...ompute/virtualMachines/testEDBstandby3, 2m0s elapsed][0m[0m
[0m[1mmodule.vm.azurerm_linux_virtual_machine.vm[1]: Still destroying... [id=/subscriptions/ac9903a5-bfd9-4576-a9cc-...ompute/virtualMachines/testEDBstandby1, 2m0s elapsed][0m[0m
[0m[1mmodule.vm.azurerm_linux_virtual_machine.vm[0]: Still destroying... [id=/subscriptions/ac9903a5-bfd9-4576-a9cc-...Compute/virtualMachines/testEDBprimary, 2m0s elapsed][0m[0m
[0m[1mmodule.vm.azurerm_linux_virtual_machine.vm[2]: Still destroying... [id=/subscriptions/ac9903a5-bfd9-4576-a9cc-...ompute/virtualMachines/testEDBstandby2, 2m0s elapsed][0m[0m
[0m[1mmodule.vm.azurerm_linux_virtual_machine.vm[3]: Still destroying... [id=/subscriptions/ac9903a5-bfd9-4576-a9cc-...ompute/virtualMachines/testEDBstandby3, 2m10s elapsed][0m[0m
[0m[1mmodule.vm.azurerm_linux_virtual_machine.vm[1]: Still destroying... [id=/subscriptions/ac9903a5-bfd9-4576-a9cc-...ompute/virtualMachines/testEDBstandby1, 2m10s elapsed][0m[0m
[0m[1mmodule.vm.azurerm_linux_virtual_machine.vm[0]: Still destroying... [id=/subscriptions/ac9903a5-bfd9-4576-a9cc-...Compute/virtualMachines/testEDBprimary, 2m10s elapsed][0m[0m
[0m[1mmodule.vm.azurerm_linux_virtual_machine.vm[2]: Still destroying... [id=/subscriptions/ac9903a5-bfd9-4576-a9cc-...ompute/virtualMachines/testEDBstandby2, 2m10s elapsed][0m[0m
[0m[1mmodule.vm.azurerm_linux_virtual_machine.vm[3]: Still destroying... [id=/subscriptions/ac9903a5-bfd9-4576-a9cc-...ompute/virtualMachines/testEDBstandby3, 2m20s elapsed][0m[0m
[0m[1mmodule.vm.azurerm_linux_virtual_machine.vm[1]: Still destroying... [id=/subscriptions/ac9903a5-bfd9-4576-a9cc-...ompute/virtualMachines/testEDBstandby1, 2m20s elapsed][0m[0m
[0m[1mmodule.vm.azurerm_linux_virtual_machine.vm[0]: Still destroying... [id=/subscriptions/ac9903a5-bfd9-4576-a9cc-...Compute/virtualMachines/testEDBprimary, 2m20s elapsed][0m[0m
[0m[1mmodule.vm.azurerm_linux_virtual_machine.vm[2]: Still destroying... [id=/subscriptions/ac9903a5-bfd9-4576-a9cc-...ompute/virtualMachines/testEDBstandby2, 2m20s elapsed][0m[0m
[0m[1mmodule.vm.azurerm_linux_virtual_machine.vm[3]: Still destroying... [id=/subscriptions/ac9903a5-bfd9-4576-a9cc-...ompute/virtualMachines/testEDBstandby3, 2m30s elapsed][0m[0m
[0m[1mmodule.vm.azurerm_linux_virtual_machine.vm[1]: Still destroying... [id=/subscriptions/ac9903a5-bfd9-4576-a9cc-...ompute/virtualMachines/testEDBstandby1, 2m30s elapsed][0m[0m
[0m[1mmodule.vm.azurerm_linux_virtual_machine.vm[0]: Still destroying... [id=/subscriptions/ac9903a5-bfd9-4576-a9cc-...Compute/virtualMachines/testEDBprimary, 2m30s elapsed][0m[0m
[0m[1mmodule.vm.azurerm_linux_virtual_machine.vm[2]: Still destroying... [id=/subscriptions/ac9903a5-bfd9-4576-a9cc-...ompute/virtualMachines/testEDBstandby2, 2m30s elapsed][0m[0m
[0m[1mmodule.vm.azurerm_linux_virtual_machine.vm[0]: Destruction complete after 2m38s[0m[0m
[0m[1mmodule.vm.azurerm_linux_virtual_machine.vm[3]: Destruction complete after 2m38s[0m[0m
[0m[1mmodule.vm.azurerm_linux_virtual_machine.vm[1]: Destruction complete after 2m38s[0m[0m
[0m[1mmodule.vm.azurerm_linux_virtual_machine.vm[2]: Still destroying... [id=/subscriptions/ac9903a5-bfd9-4576-a9cc-...ompute/virtualMachines/testEDBstandby2, 2m40s elapsed][0m[0m
[0m[1mmodule.vm.azurerm_linux_virtual_machine.vm[2]: Still destroying... [id=/subscriptions/ac9903a5-bfd9-4576-a9cc-...ompute/virtualMachines/testEDBstandby2, 2m50s elapsed][0m[0m
[0m[1mmodule.vm.azurerm_linux_virtual_machine.vm[2]: Still destroying... [id=/subscriptions/ac9903a5-bfd9-4576-a9cc-...ompute/virtualMachines/testEDBstandby2, 3m0s elapsed][0m[0m
[0m[1mmodule.vm.azurerm_linux_virtual_machine.vm[2]: Still destroying... [id=/subscriptions/ac9903a5-bfd9-4576-a9cc-...ompute/virtualMachines/testEDBstandby2, 3m10s elapsed][0m[0m
[0m[1mmodule.vm.azurerm_linux_virtual_machine.vm[2]: Still destroying... [id=/subscriptions/ac9903a5-bfd9-4576-a9cc-...ompute/virtualMachines/testEDBstandby2, 3m20s elapsed][0m[0m
[0m[1mmodule.vm.azurerm_linux_virtual_machine.vm[2]: Still destroying... [id=/subscriptions/ac9903a5-bfd9-4576-a9cc-...ompute/virtualMachines/testEDBstandby2, 3m30s elapsed][0m[0m
[0m[1mmodule.vm.azurerm_linux_virtual_machine.vm[2]: Destruction complete after 3m38s[0m[0m
[0m[1mmodule.vm.azurerm_network_interface.Public_Nic[3]: Destroying... [id=/subscriptions/ac9903a5-bfd9-4576-a9cc-a463f5e41079/resourceGroups/test_EDB-PREREQS-RESOURCEGROUP/providers/Microsoft.Network/networkInterfaces/EDB-PREREQS-PUBLIC-NIC-3][0m[0m
[0m[1mmodule.vm.azurerm_network_interface.Public_Nic[2]: Destroying... [id=/subscriptions/ac9903a5-bfd9-4576-a9cc-a463f5e41079/resourceGroups/test_EDB-PREREQS-RESOURCEGROUP/providers/Microsoft.Network/networkInterfaces/EDB-PREREQS-PUBLIC-NIC-2][0m[0m
[0m[1mmodule.vm.azurerm_network_interface.Public_Nic[1]: Destroying... [id=/subscriptions/ac9903a5-bfd9-4576-a9cc-a463f5e41079/resourceGroups/test_EDB-PREREQS-RESOURCEGROUP/providers/Microsoft.Network/networkInterfaces/EDB-PREREQS-PUBLIC-NIC-1][0m[0m
[0m[1mmodule.vm.azurerm_network_interface.Public_Nic[0]: Destroying... [id=/subscriptions/ac9903a5-bfd9-4576-a9cc-a463f5e41079/resourceGroups/test_EDB-PREREQS-RESOURCEGROUP/providers/Microsoft.Network/networkInterfaces/EDB-PREREQS-PUBLIC-NIC-0][0m[0m
[0m[1mmodule.vm.azurerm_network_interface.Public_Nic[2]: Destruction complete after 1s[0m[0m
[0m[1mmodule.vm.azurerm_network_interface.Public_Nic[1]: Destruction complete after 2s[0m[0m
[0m[1mmodule.vm.azurerm_network_interface.Public_Nic[3]: Destruction complete after 3s[0m[0m
[0m[1mmodule.vm.azurerm_network_interface.Public_Nic[0]: Destruction complete after 3s[0m[0m
[0m[1mmodule.vm.azurerm_subnet.subnet[1]: Destroying... [id=/subscriptions/ac9903a5-bfd9-4576-a9cc-a463f5e41079/resourceGroups/test_EDB-PREREQS-RESOURCEGROUP/providers/Microsoft.Network/virtualNetworks/test_EDB-PREREQS-VNet/subnets/EDB-PREREQS-SUBNET-1][0m[0m
[0m[1mmodule.vm.azurerm_subnet.subnet[2]: Destroying... [id=/subscriptions/ac9903a5-bfd9-4576-a9cc-a463f5e41079/resourceGroups/test_EDB-PREREQS-RESOURCEGROUP/providers/Microsoft.Network/virtualNetworks/test_EDB-PREREQS-VNet/subnets/EDB-PREREQS-SUBNET-2][0m[0m
[0m[1mmodule.vm.azurerm_public_ip.publicip[3]: Destroying... [id=/subscriptions/ac9903a5-bfd9-4576-a9cc-a463f5e41079/resourceGroups/test_EDB-PREREQS-RESOURCEGROUP/providers/Microsoft.Network/publicIPAddresses/EDB-PREREQS-PUBLIC-IP-3][0m[0m
[0m[1mmodule.vm.azurerm_public_ip.publicip[1]: Destroying... [id=/subscriptions/ac9903a5-bfd9-4576-a9cc-a463f5e41079/resourceGroups/test_EDB-PREREQS-RESOURCEGROUP/providers/Microsoft.Network/publicIPAddresses/EDB-PREREQS-PUBLIC-IP-1][0m[0m
[0m[1mmodule.vm.azurerm_public_ip.publicip[0]: Destroying... [id=/subscriptions/ac9903a5-bfd9-4576-a9cc-a463f5e41079/resourceGroups/test_EDB-PREREQS-RESOURCEGROUP/providers/Microsoft.Network/publicIPAddresses/EDB-PREREQS-PUBLIC-IP-0][0m[0m
[0m[1mmodule.vm.azurerm_subnet.subnet[3]: Destroying... [id=/subscriptions/ac9903a5-bfd9-4576-a9cc-a463f5e41079/resourceGroups/test_EDB-PREREQS-RESOURCEGROUP/providers/Microsoft.Network/virtualNetworks/test_EDB-PREREQS-VNet/subnets/EDB-PREREQS-SUBNET-3][0m[0m
[0m[1mmodule.vm.azurerm_subnet.subnet[0]: Destroying... [id=/subscriptions/ac9903a5-bfd9-4576-a9cc-a463f5e41079/resourceGroups/test_EDB-PREREQS-RESOURCEGROUP/providers/Microsoft.Network/virtualNetworks/test_EDB-PREREQS-VNet/subnets/EDB-PREREQS-SUBNET-0][0m[0m
[0m[1mmodule.vm.azurerm_public_ip.publicip[2]: Destroying... [id=/subscriptions/ac9903a5-bfd9-4576-a9cc-a463f5e41079/resourceGroups/test_EDB-PREREQS-RESOURCEGROUP/providers/Microsoft.Network/publicIPAddresses/EDB-PREREQS-PUBLIC-IP-2][0m[0m
[0m[1mmodule.vm.azurerm_subnet.subnet[1]: Destruction complete after 1s[0m[0m
[0m[1mmodule.vm.azurerm_subnet.subnet[2]: Destruction complete after 2s[0m[0m
[0m[1mmodule.vm.azurerm_subnet.subnet[0]: Destruction complete after 2s[0m[0m
[0m[1mmodule.vm.azurerm_subnet.subnet[3]: Destruction complete after 3s[0m[0m
[0m[1mmodule.vm.azurerm_public_ip.publicip[3]: Still destroying... [id=/subscriptions/ac9903a5-bfd9-4576-a9cc-...licIPAddresses/EDB-PREREQS-PUBLIC-IP-3, 10s elapsed][0m[0m
[0m[1mmodule.vm.azurerm_public_ip.publicip[1]: Still destroying... [id=/subscriptions/ac9903a5-bfd9-4576-a9cc-...licIPAddresses/EDB-PREREQS-PUBLIC-IP-1, 10s elapsed][0m[0m
[0m[1mmodule.vm.azurerm_public_ip.publicip[0]: Still destroying... [id=/subscriptions/ac9903a5-bfd9-4576-a9cc-...licIPAddresses/EDB-PREREQS-PUBLIC-IP-0, 10s elapsed][0m[0m
[0m[1mmodule.vm.azurerm_public_ip.publicip[2]: Still destroying... [id=/subscriptions/ac9903a5-bfd9-4576-a9cc-...licIPAddresses/EDB-PREREQS-PUBLIC-IP-2, 10s elapsed][0m[0m
[0m[1mmodule.vm.azurerm_public_ip.publicip[2]: Destruction complete after 12s[0m[0m
[0m[1mmodule.vm.azurerm_public_ip.publicip[3]: Destruction complete after 12s[0m[0m
[0m[1mmodule.vm.azurerm_public_ip.publicip[0]: Destruction complete after 12s[0m[0m
[0m[1mmodule.vm.azurerm_public_ip.publicip[1]: Still destroying... [id=/subscriptions/ac9903a5-bfd9-4576-a9cc-...licIPAddresses/EDB-PREREQS-PUBLIC-IP-1, 20s elapsed][0m[0m
[0m[1mmodule.vm.azurerm_public_ip.publicip[1]: Still destroying... [id=/subscriptions/ac9903a5-bfd9-4576-a9cc-...licIPAddresses/EDB-PREREQS-PUBLIC-IP-1, 30s elapsed][0m[0m
[0m[1mmodule.vm.azurerm_public_ip.publicip[1]: Destruction complete after 31s[0m[0m
[0m[1mmodule.network.azurerm_virtual_network.main: Destroying... [id=/subscriptions/ac9903a5-bfd9-4576-a9cc-a463f5e41079/resourceGroups/test_EDB-PREREQS-RESOURCEGROUP/providers/Microsoft.Network/virtualNetworks/test_EDB-PREREQS-VNet][0m[0m
[0m[1mmodule.network.azurerm_virtual_network.main: Still destroying... [id=/subscriptions/ac9903a5-bfd9-4576-a9cc-.../virtualNetworks/test_EDB-PREREQS-VNet, 10s elapsed][0m[0m
[0m[1mmodule.network.azurerm_virtual_network.main: Destruction complete after 11s[0m[0m
[0m[1mmodule.resourcegroup.azurerm_resource_group.resource_group: Destroying... [id=/subscriptions/ac9903a5-bfd9-4576-a9cc-a463f5e41079/resourceGroups/test_EDB-PREREQS-RESOURCEGROUP][0m[0m
[0m[1mmodule.resourcegroup.azurerm_resource_group.resource_group: Still destroying... [id=/subscriptions/ac9903a5-bfd9-4576-a9cc-...eGroups/test_EDB-PREREQS-RESOURCEGROUP, 10s elapsed][0m[0m
[0m[1mmodule.resourcegroup.azurerm_resource_group.resource_group: Still destroying... [id=/subscriptions/ac9903a5-bfd9-4576-a9cc-...eGroups/test_EDB-PREREQS-RESOURCEGROUP, 20s elapsed][0m[0m
[0m[1mmodule.resourcegroup.azurerm_resource_group.resource_group: Still destroying... [id=/subscriptions/ac9903a5-bfd9-4576-a9cc-...eGroups/test_EDB-PREREQS-RESOURCEGROUP, 30s elapsed][0m[0m
[0m[1mmodule.resourcegroup.azurerm_resource_group.resource_group: Still destroying... [id=/subscriptions/ac9903a5-bfd9-4576-a9cc-...eGroups/test_EDB-PREREQS-RESOURCEGROUP, 40s elapsed][0m[0m
[0m[1mmodule.resourcegroup.azurerm_resource_group.resource_group: Destruction complete after 48s[0m[0m
[33m
[1m[33mWarning: [0m[0m[1mInterpolation-only expressions are deprecated[0m

[0m  on environments/vm/vm.tf line 53, in resource "azurerm_network_interface" "Public_Nic":
  53:     subnet_id = [4m"${element(azurerm_subnet.subnet.*.id, count.index)}"[0m
[0m
Terraform 0.11 and earlier required all non-constant expressions to be
provided via interpolation syntax, but this pattern is now deprecated. To
silence this warning, remove the "${ sequence from the start and the }"
sequence from the end of this expression, leaving just the inner expression.

Template interpolation syntax is still used to construct strings from
expressions when the template includes multiple interpolation sequences or a
mixture of literal strings and interpolations. This deprecation applies only
to templates that consist entirely of a single interpolation sequence.

(and one more similar warning elsewhere)
[0m[0m
[0m[1m[32m
Destroy complete! Resources: 23 destroyed.[0m
