[0m[1mmodule.network.google_compute_network.edb_prereq_network: Refreshing state... [id=projects/performance-engineering-268015/global/networks/edb-network][0m
[0m[1mmodule.network.google_compute_subnetwork.edb_prereq_network_subnetwork: Refreshing state... [id=projects/performance-engineering-268015/regions/us-west2/subnetworks/edb-network-subnetwork-us-west2][0m
[0m[1mmodule.security.google_compute_firewall.epas: Refreshing state... [id=projects/performance-engineering-268015/global/firewalls/edb-network-firewall-epas][0m
[0m[1mmodule.security.google_compute_firewall.efm: Refreshing state... [id=projects/performance-engineering-268015/global/firewalls/edb-network-firewall-efm][0m
[0m[1mmodule.security.google_compute_firewall.firewall-secure-forward: Refreshing state... [id=projects/performance-engineering-268015/global/firewalls/edb-network-firewall-secure-forward][0m
[0m[1mmodule.security.google_compute_firewall.icmp: Refreshing state... [id=projects/performance-engineering-268015/global/firewalls/edb-network-firewall-icmp][0m
[0m[1mmodule.security.google_compute_firewall.firewall-openshift-console: Refreshing state... [id=projects/performance-engineering-268015/global/firewalls/edb-network-firewall-openshift-console][0m
[0m[1mmodule.security.google_compute_firewall.ssh: Refreshing state... [id=projects/performance-engineering-268015/global/firewalls/edb-network-firewall-ssh][0m
[0m[1mmodule.security.google_compute_firewall.https: Refreshing state... [id=projects/performance-engineering-268015/global/firewalls/edb-network-firewall-https][0m
[0m[1mmodule.security.google_compute_firewall.postgresql: Refreshing state... [id=projects/performance-engineering-268015/global/firewalls/edb-network-firewall-postgresql][0m
[0m[1mmodule.security.google_compute_firewall.http: Refreshing state... [id=projects/performance-engineering-268015/global/firewalls/edb-network-firewall-http][0m
[0m[1mmodule.compute.data.google_compute_zones.available: Refreshing state... [id=2020-09-16 16:38:24.048994946 +0000 UTC][0m
[0m[1mmodule.compute.local_file.AnsibleOSCSVFile: Refreshing state... [id=258a4ffac8af40604b75e08fad2141e5a0b6d4be][0m
[0m[1mmodule.compute.google_compute_instance.edb-prereq-engine-instance[3]: Refreshing state... [id=projects/performance-engineering-268015/zones/us-west2-c/instances/edb-vm-3][0m
[0m[1mmodule.compute.google_compute_instance.edb-prereq-engine-instance[0]: Refreshing state... [id=projects/performance-engineering-268015/zones/us-west2-a/instances/edb-vm-0][0m
[0m[1mmodule.compute.google_compute_instance.edb-prereq-engine-instance[1]: Refreshing state... [id=projects/performance-engineering-268015/zones/us-west2-b/instances/edb-vm-1][0m
[0m[1mmodule.compute.google_compute_instance.edb-prereq-engine-instance[2]: Refreshing state... [id=projects/performance-engineering-268015/zones/us-west2-c/instances/edb-vm-2][0m
[0m[1mmodule.compute.local_file.host_script: Refreshing state... [id=69b4f02a8436856eb57832a4b21506a4ed8b44d4][0m
[0m[1mmodule.compute.local_file.AnsibleYamlInventory[1]: Refreshing state... [id=6f88e0c280ec79dd12c28a6ba11771147827dc31][0m
[0m[1mmodule.compute.local_file.AnsiblePEMYamlInventory[1]: Refreshing state... [id=34478ece4505da8f5f47d83ac90dcffd2b18904d][0m
[0m[1mmodule.compute.local_file.AnsiblePEMYamlInventory[0]: Refreshing state... [id=34478ece4505da8f5f47d83ac90dcffd2b18904d][0m
[0m[1mmodule.compute.local_file.AnsibleYamlInventory[3]: Refreshing state... [id=6f88e0c280ec79dd12c28a6ba11771147827dc31][0m
[0m[1mmodule.compute.local_file.AnsibleYamlInventory[0]: Refreshing state... [id=6f88e0c280ec79dd12c28a6ba11771147827dc31][0m
[0m[1mmodule.compute.local_file.AnsiblePEMYamlInventory[3]: Refreshing state... [id=34478ece4505da8f5f47d83ac90dcffd2b18904d][0m
[0m[1mmodule.compute.local_file.AnsiblePEMYamlInventory[2]: Refreshing state... [id=34478ece4505da8f5f47d83ac90dcffd2b18904d][0m
[0m[1mmodule.compute.local_file.AnsibleYamlInventory[2]: Refreshing state... [id=6f88e0c280ec79dd12c28a6ba11771147827dc31][0m
[0m[1mmodule.compute.local_file.AnsibleOSCSVFile: Destroying... [id=258a4ffac8af40604b75e08fad2141e5a0b6d4be][0m[0m
[0m[1mmodule.compute.local_file.host_script: Destroying... [id=69b4f02a8436856eb57832a4b21506a4ed8b44d4][0m[0m
[0m[1mmodule.compute.local_file.AnsibleOSCSVFile: Destruction complete after 0s[0m[0m
[0m[1mmodule.compute.local_file.host_script: Destruction complete after 0s[0m[0m
[0m[1mmodule.compute.google_compute_instance.edb-prereq-engine-instance[2]: Destroying... [id=projects/performance-engineering-268015/zones/us-west2-c/instances/edb-vm-2][0m[0m
[0m[1mmodule.compute.google_compute_instance.edb-prereq-engine-instance[0]: Destroying... [id=projects/performance-engineering-268015/zones/us-west2-a/instances/edb-vm-0][0m[0m
[0m[1mmodule.compute.google_compute_instance.edb-prereq-engine-instance[3]: Destroying... [id=projects/performance-engineering-268015/zones/us-west2-c/instances/edb-vm-3][0m[0m
[0m[1mmodule.compute.google_compute_instance.edb-prereq-engine-instance[1]: Destroying... [id=projects/performance-engineering-268015/zones/us-west2-b/instances/edb-vm-1][0m[0m
[0m[1mmodule.compute.google_compute_instance.edb-prereq-engine-instance[2]: Still destroying... [id=projects/performance-engineering-268015/zones/us-west2-c/instances/edb-vm-2, 10s elapsed][0m[0m
[0m[1mmodule.compute.google_compute_instance.edb-prereq-engine-instance[0]: Still destroying... [id=projects/performance-engineering-268015/zones/us-west2-a/instances/edb-vm-0, 10s elapsed][0m[0m
[0m[1mmodule.compute.google_compute_instance.edb-prereq-engine-instance[3]: Still destroying... [id=projects/performance-engineering-268015/zones/us-west2-c/instances/edb-vm-3, 10s elapsed][0m[0m
[0m[1mmodule.compute.google_compute_instance.edb-prereq-engine-instance[1]: Still destroying... [id=projects/performance-engineering-268015/zones/us-west2-b/instances/edb-vm-1, 10s elapsed][0m[0m
[0m[1mmodule.compute.google_compute_instance.edb-prereq-engine-instance[2]: Still destroying... [id=projects/performance-engineering-268015/zones/us-west2-c/instances/edb-vm-2, 20s elapsed][0m[0m
[0m[1mmodule.compute.google_compute_instance.edb-prereq-engine-instance[0]: Still destroying... [id=projects/performance-engineering-268015/zones/us-west2-a/instances/edb-vm-0, 20s elapsed][0m[0m
[0m[1mmodule.compute.google_compute_instance.edb-prereq-engine-instance[3]: Still destroying... [id=projects/performance-engineering-268015/zones/us-west2-c/instances/edb-vm-3, 20s elapsed][0m[0m
[0m[1mmodule.compute.google_compute_instance.edb-prereq-engine-instance[1]: Still destroying... [id=projects/performance-engineering-268015/zones/us-west2-b/instances/edb-vm-1, 20s elapsed][0m[0m
[0m[1mmodule.compute.google_compute_instance.edb-prereq-engine-instance[0]: Destruction complete after 21s[0m[0m
[0m[1mmodule.compute.google_compute_instance.edb-prereq-engine-instance[2]: Destruction complete after 21s[0m[0m
[0m[1mmodule.compute.google_compute_instance.edb-prereq-engine-instance[1]: Destruction complete after 21s[0m[0m
[0m[1mmodule.compute.google_compute_instance.edb-prereq-engine-instance[3]: Destruction complete after 22s[0m[0m
[0m[1mmodule.security.google_compute_firewall.postgresql: Destroying... [id=projects/performance-engineering-268015/global/firewalls/edb-network-firewall-postgresql][0m[0m
[0m[1mmodule.security.google_compute_firewall.https: Destroying... [id=projects/performance-engineering-268015/global/firewalls/edb-network-firewall-https][0m[0m
[0m[1mmodule.security.google_compute_firewall.ssh: Destroying... [id=projects/performance-engineering-268015/global/firewalls/edb-network-firewall-ssh][0m[0m
[0m[1mmodule.security.google_compute_firewall.icmp: Destroying... [id=projects/performance-engineering-268015/global/firewalls/edb-network-firewall-icmp][0m[0m
[0m[1mmodule.security.google_compute_firewall.http: Destroying... [id=projects/performance-engineering-268015/global/firewalls/edb-network-firewall-http][0m[0m
[0m[1mmodule.security.google_compute_firewall.firewall-openshift-console: Destroying... [id=projects/performance-engineering-268015/global/firewalls/edb-network-firewall-openshift-console][0m[0m
[0m[1mmodule.security.google_compute_firewall.efm: Destroying... [id=projects/performance-engineering-268015/global/firewalls/edb-network-firewall-efm][0m[0m
[0m[1mmodule.security.google_compute_firewall.firewall-secure-forward: Destroying... [id=projects/performance-engineering-268015/global/firewalls/edb-network-firewall-secure-forward][0m[0m
[0m[1mmodule.security.google_compute_firewall.epas: Destroying... [id=projects/performance-engineering-268015/global/firewalls/edb-network-firewall-epas][0m[0m
[0m[1mmodule.security.google_compute_firewall.https: Still destroying... [id=projects/performance-engineering-268015...l/firewalls/edb-network-firewall-https, 10s elapsed][0m[0m
[0m[1mmodule.security.google_compute_firewall.postgresql: Still destroying... [id=projects/performance-engineering-268015...ewalls/edb-network-firewall-postgresql, 10s elapsed][0m[0m
[0m[1mmodule.security.google_compute_firewall.ssh: Still destroying... [id=projects/performance-engineering-268015...bal/firewalls/edb-network-firewall-ssh, 10s elapsed][0m[0m
[0m[1mmodule.security.google_compute_firewall.http: Still destroying... [id=projects/performance-engineering-268015...al/firewalls/edb-network-firewall-http, 10s elapsed][0m[0m
[0m[1mmodule.security.google_compute_firewall.icmp: Still destroying... [id=projects/performance-engineering-268015...al/firewalls/edb-network-firewall-icmp, 10s elapsed][0m[0m
[0m[1mmodule.security.google_compute_firewall.firewall-openshift-console: Still destroying... [id=projects/performance-engineering-268015...edb-network-firewall-openshift-console, 10s elapsed][0m[0m
[0m[1mmodule.security.google_compute_firewall.efm: Still destroying... [id=projects/performance-engineering-268015...bal/firewalls/edb-network-firewall-efm, 10s elapsed][0m[0m
[0m[1mmodule.security.google_compute_firewall.firewall-secure-forward: Still destroying... [id=projects/performance-engineering-268015...ls/edb-network-firewall-secure-forward, 10s elapsed][0m[0m
[0m[1mmodule.security.google_compute_firewall.epas: Still destroying... [id=projects/performance-engineering-268015...al/firewalls/edb-network-firewall-epas, 10s elapsed][0m[0m
[0m[1mmodule.security.google_compute_firewall.https: Destruction complete after 11s[0m[0m
[0m[1mmodule.security.google_compute_firewall.icmp: Destruction complete after 11s[0m[0m
[0m[1mmodule.security.google_compute_firewall.ssh: Destruction complete after 11s[0m[0m
[0m[1mmodule.security.google_compute_firewall.http: Destruction complete after 11s[0m[0m
[0m[1mmodule.security.google_compute_firewall.efm: Destruction complete after 11s[0m[0m
[0m[1mmodule.security.google_compute_firewall.firewall-openshift-console: Destruction complete after 11s[0m[0m
[0m[1mmodule.security.google_compute_firewall.firewall-secure-forward: Destruction complete after 11s[0m[0m
[0m[1mmodule.security.google_compute_firewall.epas: Destruction complete after 11s[0m[0m
[0m[1mmodule.security.google_compute_firewall.postgresql: Destruction complete after 11s[0m[0m
[0m[1mmodule.network.google_compute_subnetwork.edb_prereq_network_subnetwork: Destroying... [id=projects/performance-engineering-268015/regions/us-west2/subnetworks/edb-network-subnetwork-us-west2][0m[0m
[0m[1mmodule.network.google_compute_subnetwork.edb_prereq_network_subnetwork: Still destroying... [id=projects/performance-engineering-268015...tworks/edb-network-subnetwork-us-west2, 10s elapsed][0m[0m
[0m[1mmodule.network.google_compute_subnetwork.edb_prereq_network_subnetwork: Still destroying... [id=projects/performance-engineering-268015...tworks/edb-network-subnetwork-us-west2, 20s elapsed][0m[0m
[0m[1mmodule.network.google_compute_subnetwork.edb_prereq_network_subnetwork: Destruction complete after 22s[0m[0m
[0m[1mmodule.network.google_compute_network.edb_prereq_network: Destroying... [id=projects/performance-engineering-268015/global/networks/edb-network][0m[0m
[0m[1mmodule.network.google_compute_network.edb_prereq_network: Still destroying... [id=projects/performance-engineering-268015/global/networks/edb-network, 10s elapsed][0m[0m
[0m[1mmodule.network.google_compute_network.edb_prereq_network: Still destroying... [id=projects/performance-engineering-268015/global/networks/edb-network, 20s elapsed][0m[0m
[0m[1mmodule.network.google_compute_network.edb_prereq_network: Still destroying... [id=projects/performance-engineering-268015/global/networks/edb-network, 30s elapsed][0m[0m
[0m[1mmodule.network.google_compute_network.edb_prereq_network: Still destroying... [id=projects/performance-engineering-268015/global/networks/edb-network, 40s elapsed][0m[0m
[0m[1mmodule.network.google_compute_network.edb_prereq_network: Destruction complete after 42s[0m[0m
[0m[1m[32m
Destroy complete! Resources: 17 destroyed.[0m
