PID: 6871 [09-10-20 11:48:40]: Building AWS Servers
PID: 6871 [09-10-20 11:48:40]: including project names in the variables and tags
[0m[1mInitializing modules...[0m

[0m[1mInitializing the backend...[0m

[0m[1mInitializing provider plugins...[0m
- Using previously-installed hashicorp/aws v3.5.0
- Using previously-installed hashicorp/local v1.4.0

The following providers do not have any version constraints in configuration,
so the latest version was installed.

To prevent automatic upgrades to new major versions that may contain breaking
changes, we recommend adding version constraints in a required_providers block
in your configuration, with the constraint strings suggested below.

* hashicorp/aws: version = "~> 3.5.0"
* hashicorp/local: version = "~> 1.4.0"

[0m[1m[32mTerraform has been successfully initialized![0m[32m[0m
[0m[32m
You may now begin working with Terraform. Try running "terraform plan" to see
any changes that are required for your infrastructure. All Terraform commands
should now work.

If you ever set or change modules or backend configuration for Terraform,
rerun this command to reinitialize your working directory. If you forget, other
commands will detect it and remind you to do so if necessary.[0m
[0m[1mmodule.iam.aws_iam_user.this: Refreshing state... [id=demo-edb-iam-postgres][0m
[0m[1mmodule.iam.aws_iam_access_key.this: Refreshing state... [id=AKIA2AGFO65HEZ6XITUR][0m
[0m[1mmodule.vpc.aws_vpc.main: Refreshing state... [id=vpc-04b8a3e8f2fa33ddf][0m
[0m[1mmodule.network.data.aws_availability_zones.available: Refreshing state... [id=2020-09-10 18:31:47.485715502 +0000 UTC][0m
[0m[1mmodule.network.aws_subnet.public_subnets[1]: Refreshing state... [id=subnet-0c11088a0e1674fcb][0m
[0m[1mmodule.network.aws_subnet.public_subnets[3]: Refreshing state... [id=subnet-08f1b86f3ec14a21a][0m
[0m[1mmodule.network.aws_subnet.public_subnets[0]: Refreshing state... [id=subnet-08228af0fb557f1b8][0m
[0m[1mmodule.network.aws_subnet.public_subnets[2]: Refreshing state... [id=subnet-08c43d2ea42b7e8c8][0m
[0m[1mmodule.policies.aws_iam_group.group: Refreshing state... [id=demo_EDB_PREREQS_POSTGRES_AWS_DEPLOYMENT_GROUP][0m
[0m[1mmodule.policies.aws_iam_policy.policy: Refreshing state... [id=arn:aws:iam::687608887118:policy/demo_EDB_PREREQS_POSTGRES_AWS_DEPLOYMENT_POLICY][0m
[0m[1mmodule.policies.aws_iam_policy_attachment.edb-prereq-policy-attach: Refreshing state... [id=demo_EDB_PREREQS_POSTGRES_AWS_DEPLOYMENT_POLICY_ATTACH][0m
[0m[1mmodule.routes.data.aws_subnet_ids.ids: Refreshing state... [id=vpc-04b8a3e8f2fa33ddf][0m
[0m[1mmodule.routes.aws_internet_gateway.edb-prereqs-postgres-igw: Refreshing state... [id=igw-0559a0e0a99be2a26][0m
[0m[1mmodule.routes.aws_route_table.edb-prereqs-postgres-customroutetable: Refreshing state... [id=rtb-0e4edaf9c133d974b][0m
[0m[1mmodule.routes.aws_route_table_association.edb-prereqs-postgres-rtassociations[2]: Refreshing state... [id=rtbassoc-07402de95b6529130][0m
[0m[1mmodule.routes.aws_route_table_association.edb-prereqs-postgres-rtassociations[1]: Refreshing state... [id=rtbassoc-0f5ef15aedcc31c7f][0m
[0m[1mmodule.routes.aws_route_table_association.edb-prereqs-postgres-rtassociations[3]: Refreshing state... [id=rtbassoc-08f68bb93de873d7b][0m
[0m[1mmodule.routes.aws_route_table_association.edb-prereqs-postgres-rtassociations[0]: Refreshing state... [id=rtbassoc-0d6bff8356cd7d684][0m
[0m[1mmodule.edb-db-cluster.data.aws_ami.rhel_ami: Refreshing state... [id=ami-08ba09eb40efe35dd][0m
[0m[1mmodule.edb-db-cluster.data.aws_ami.centos_ami: Refreshing state... [id=ami-0bc06212a56393ee1][0m
[0m[1mmodule.edb-db-cluster.local_file.AnsibleOSCSVFile: Refreshing state... [id=a9ec8c1577e5e3e12157c665b663a9aad9439599][0m
[0m[1mmodule.edb-db-cluster.data.aws_subnet_ids.selected: Refreshing state... [id=vpc-04b8a3e8f2fa33ddf][0m
[0m[1mmodule.security.aws_security_group.edb-prereqs-rules: Refreshing state... [id=sg-06ce36787fc6fdd87][0m
[0m[1mmodule.edb-db-cluster.aws_key_pair.key_pair: Creating...[0m[0m
[0m[1mmodule.edb-db-cluster.aws_key_pair.key_pair: Creation complete after 2s [id=/home/doug/.ssh/id_rsa.pub][0m[0m
[0m[1mmodule.edb-db-cluster.aws_instance.EDB_DB_Cluster[3]: Creating...[0m[0m
[0m[1mmodule.edb-db-cluster.aws_instance.EDB_DB_Cluster[1]: Creating...[0m[0m
[0m[1mmodule.edb-db-cluster.aws_instance.EDB_DB_Cluster[2]: Creating...[0m[0m
[0m[1mmodule.edb-db-cluster.aws_instance.EDB_DB_Cluster[0]: Creating...[0m[0m
[0m[1mmodule.edb-db-cluster.aws_instance.EDB_DB_Cluster[1]: Still creating... [10s elapsed][0m[0m
[0m[1mmodule.edb-db-cluster.aws_instance.EDB_DB_Cluster[3]: Still creating... [10s elapsed][0m[0m
[0m[1mmodule.edb-db-cluster.aws_instance.EDB_DB_Cluster[2]: Still creating... [10s elapsed][0m[0m
[0m[1mmodule.edb-db-cluster.aws_instance.EDB_DB_Cluster[0]: Still creating... [10s elapsed][0m[0m
[0m[1mmodule.edb-db-cluster.aws_instance.EDB_DB_Cluster[1]: Creation complete after 15s [id=i-0c2a9e4d69ad779a6][0m[0m
[0m[1mmodule.edb-db-cluster.aws_instance.EDB_DB_Cluster[0]: Creation complete after 16s [id=i-036cf7c45d3c71f85][0m[0m
[0m[1mmodule.edb-db-cluster.aws_instance.EDB_DB_Cluster[2]: Creation complete after 16s [id=i-0143e9a39a523e4cf][0m[0m
[0m[1mmodule.edb-db-cluster.aws_instance.EDB_DB_Cluster[3]: Still creating... [20s elapsed][0m[0m
[0m[1mmodule.edb-db-cluster.aws_instance.EDB_DB_Cluster[3]: Creation complete after 20s [id=i-00db4ccef2c98e0ee][0m[0m
[0m[1mmodule.edb-db-cluster.local_file.AnsiblePEMYamlInventory[2]: Creating...[0m[0m
[0m[1mmodule.edb-db-cluster.local_file.host_script: Creating...[0m[0m
[0m[1mmodule.edb-db-cluster.local_file.AnsiblePEMYamlInventory[0]: Creating...[0m[0m
[0m[1mmodule.edb-db-cluster.local_file.AnsiblePEMYamlInventory[3]: Creating...[0m[0m
[0m[1mmodule.edb-db-cluster.local_file.host_script: Creation complete after 0s [id=7ca10ae1795c4c1492ba9c9199cf0c8a1f8089da][0m[0m
[0m[1mmodule.edb-db-cluster.local_file.AnsiblePEMYamlInventory[3]: Creation complete after 0s [id=541c761f6a61b19a9fc43a7957a1fab4a81691f0][0m[0m
[0m[1mmodule.edb-db-cluster.local_file.AnsibleYamlInventory[0]: Creating...[0m[0m
[0m[1mmodule.edb-db-cluster.local_file.AnsibleYamlInventory[2]: Creating...[0m[0m
[0m[1mmodule.edb-db-cluster.local_file.AnsiblePEMYamlInventory[1]: Creating...[0m[0m
[0m[1mmodule.edb-db-cluster.local_file.AnsibleYamlInventory[1]: Creating...[0m[0m
[0m[1mmodule.edb-db-cluster.local_file.AnsibleYamlInventory[3]: Creating...[0m[0m
[0m[1mmodule.edb-db-cluster.local_file.AnsiblePEMYamlInventory[0]: Creation complete after 1s [id=541c761f6a61b19a9fc43a7957a1fab4a81691f0][0m[0m
[0m[1mmodule.edb-db-cluster.local_file.AnsiblePEMYamlInventory[2]: Creation complete after 1s [id=541c761f6a61b19a9fc43a7957a1fab4a81691f0][0m[0m
[0m[1mmodule.edb-db-cluster.local_file.AnsibleYamlInventory[1]: Creation complete after 0s [id=7baaf1a2822b294bebd393a582688274cdbb7a42][0m[0m
[0m[1mmodule.edb-db-cluster.local_file.AnsibleYamlInventory[0]: Creation complete after 0s [id=7baaf1a2822b294bebd393a582688274cdbb7a42][0m[0m
[0m[1mmodule.edb-db-cluster.local_file.AnsiblePEMYamlInventory[1]: Creation complete after 0s [id=541c761f6a61b19a9fc43a7957a1fab4a81691f0][0m[0m
[0m[1mmodule.edb-db-cluster.local_file.AnsibleYamlInventory[3]: Creation complete after 0s [id=7baaf1a2822b294bebd393a582688274cdbb7a42][0m[0m
[0m[1mmodule.edb-db-cluster.local_file.AnsibleYamlInventory[2]: Creation complete after 0s [id=7baaf1a2822b294bebd393a582688274cdbb7a42][0m[0m
[0m[1m[32m
Apply complete! Resources: 14 added, 0 changed, 0 destroyed.[0m
PID: 6871 [09-10-20 11:49:30]: Waiting for Instances to be available
PID: 6871 [09-10-20 11:53:21]: instances are ready
