PID: 6211 [09-10-20 11:31:23]: Building AWS Servers
PID: 6211 [09-10-20 11:31:23]: including project names in the variables and tags
[0m[1mInitializing modules...[0m

[0m[1mInitializing the backend...[0m

[0m[1mInitializing provider plugins...[0m
- Using previously-installed hashicorp/aws v3.5.0
- Using previously-installed hashicorp/local v1.4.0

The following providers do not have any version constraints in configuration,
so the latest version was installed.

To prevent automatic upgrades to new major versions that may contain breaking
changes, we recommend adding version constraints in a required_providers block
in your configuration, with the constraint strings suggested below.

* hashicorp/aws: version = "~> 3.5.0"
* hashicorp/local: version = "~> 1.4.0"

[0m[1m[32mTerraform has been successfully initialized![0m[32m[0m
[0m[32m
You may now begin working with Terraform. Try running "terraform plan" to see
any changes that are required for your infrastructure. All Terraform commands
should now work.

If you ever set or change modules or backend configuration for Terraform,
rerun this command to reinitialize your working directory. If you forget, other
commands will detect it and remind you to do so if necessary.[0m
[0m[1mmodule.iam.aws_iam_user.this: Creating...[0m[0m
[0m[1mmodule.iam.aws_iam_user.this: Creation complete after 1s [id=demo-edb-iam-postgres][0m[0m
[0m[1mmodule.iam.aws_iam_access_key.this: Creating...[0m[0m
[0m[1mmodule.iam.aws_iam_access_key.this: Creation complete after 1s [id=AKIA2AGFO65HEZ6XITUR][0m[0m
[0m[1mmodule.vpc.aws_vpc.main: Creating...[0m[0m
[0m[1mmodule.vpc.aws_vpc.main: Creation complete after 7s [id=vpc-04b8a3e8f2fa33ddf][0m[0m
[0m[1mmodule.network.data.aws_availability_zones.available: Reading...[0m[0m
[0m[1mmodule.network.data.aws_availability_zones.available: Read complete after 1s [id=2020-09-10 18:31:47.485715502 +0000 UTC][0m[0m
[0m[1mmodule.network.aws_subnet.public_subnets[2]: Creating...[0m[0m
[0m[1mmodule.network.aws_subnet.public_subnets[3]: Creating...[0m[0m
[0m[1mmodule.network.aws_subnet.public_subnets[0]: Creating...[0m[0m
[0m[1mmodule.network.aws_subnet.public_subnets[1]: Creating...[0m[0m
[0m[1mmodule.network.aws_subnet.public_subnets[2]: Creation complete after 2s [id=subnet-08c43d2ea42b7e8c8][0m[0m
[0m[1mmodule.network.aws_subnet.public_subnets[1]: Creation complete after 2s [id=subnet-0c11088a0e1674fcb][0m[0m
[0m[1mmodule.network.aws_subnet.public_subnets[3]: Creation complete after 2s [id=subnet-08f1b86f3ec14a21a][0m[0m
[0m[1mmodule.network.aws_subnet.public_subnets[0]: Creation complete after 3s [id=subnet-08228af0fb557f1b8][0m[0m
[0m[1mmodule.policies.aws_iam_policy.policy: Creating...[0m[0m
[0m[1mmodule.policies.aws_iam_group.group: Creating...[0m[0m
[0m[1mmodule.policies.aws_iam_group.group: Creation complete after 1s [id=demo_EDB_PREREQS_POSTGRES_AWS_DEPLOYMENT_GROUP][0m[0m
[0m[1mmodule.policies.aws_iam_policy.policy: Creation complete after 2s [id=arn:aws:iam::687608887118:policy/demo_EDB_PREREQS_POSTGRES_AWS_DEPLOYMENT_POLICY][0m[0m
[0m[1mmodule.policies.aws_iam_policy_attachment.edb-prereq-policy-attach: Creating...[0m[0m
[0m[1mmodule.policies.aws_iam_policy_attachment.edb-prereq-policy-attach: Creation complete after 2s [id=demo_EDB_PREREQS_POSTGRES_AWS_DEPLOYMENT_POLICY_ATTACH][0m[0m
[0m[1mmodule.routes.data.aws_subnet_ids.ids: Reading...[0m[0m
[0m[1mmodule.routes.aws_internet_gateway.edb-prereqs-postgres-igw: Creating...[0m[0m
[0m[1mmodule.routes.data.aws_subnet_ids.ids: Read complete after 1s [id=vpc-04b8a3e8f2fa33ddf][0m[0m
[0m[1mmodule.routes.aws_internet_gateway.edb-prereqs-postgres-igw: Creation complete after 3s [id=igw-0559a0e0a99be2a26][0m[0m
[0m[1mmodule.routes.aws_route_table.edb-prereqs-postgres-customroutetable: Creating...[0m[0m
[0m[1mmodule.routes.aws_route_table.edb-prereqs-postgres-customroutetable: Creation complete after 2s [id=rtb-0e4edaf9c133d974b][0m[0m
[0m[1mmodule.routes.aws_route_table_association.edb-prereqs-postgres-rtassociations[3]: Creating...[0m[0m
[0m[1mmodule.routes.aws_route_table_association.edb-prereqs-postgres-rtassociations[2]: Creating...[0m[0m
[0m[1mmodule.routes.aws_route_table_association.edb-prereqs-postgres-rtassociations[1]: Creating...[0m[0m
[0m[1mmodule.routes.aws_route_table_association.edb-prereqs-postgres-rtassociations[0]: Creating...[0m[0m
[0m[1mmodule.routes.aws_route_table_association.edb-prereqs-postgres-rtassociations[1]: Creation complete after 1s [id=rtbassoc-0f5ef15aedcc31c7f][0m[0m
[0m[1mmodule.routes.aws_route_table_association.edb-prereqs-postgres-rtassociations[2]: Creation complete after 1s [id=rtbassoc-07402de95b6529130][0m[0m
[0m[1mmodule.routes.aws_route_table_association.edb-prereqs-postgres-rtassociations[3]: Creation complete after 1s [id=rtbassoc-08f68bb93de873d7b][0m[0m
[0m[1mmodule.routes.aws_route_table_association.edb-prereqs-postgres-rtassociations[0]: Creation complete after 1s [id=rtbassoc-0d6bff8356cd7d684][0m[0m
[0m[1mmodule.edb-db-cluster.data.aws_subnet_ids.selected: Reading...[0m[0m
[0m[1mmodule.edb-db-cluster.data.aws_ami.centos_ami: Reading...[0m[0m
[0m[1mmodule.edb-db-cluster.data.aws_ami.rhel_ami: Reading...[0m[0m
[0m[1mmodule.security.aws_security_group.edb-prereqs-rules: Creating...[0m[0m
[0m[1mmodule.edb-db-cluster.aws_key_pair.key_pair: Creating...[0m[0m
[0m[1mmodule.edb-db-cluster.local_file.AnsibleOSCSVFile: Creating...[0m[0m
[0m[1mmodule.edb-db-cluster.local_file.AnsibleOSCSVFile: Creation complete after 0s [id=a9ec8c1577e5e3e12157c665b663a9aad9439599][0m[0m
[0m[1mmodule.edb-db-cluster.data.aws_ami.centos_ami: Read complete after 1s [id=ami-0bc06212a56393ee1][0m[0m
[0m[1mmodule.edb-db-cluster.data.aws_ami.rhel_ami: Read complete after 1s [id=ami-08ba09eb40efe35dd][0m[0m
[0m[1mmodule.edb-db-cluster.data.aws_subnet_ids.selected: Read complete after 2s [id=vpc-04b8a3e8f2fa33ddf][0m[0m
[0m[1mmodule.security.aws_security_group.edb-prereqs-rules: Creation complete after 4s [id=sg-06ce36787fc6fdd87][0m[0m
[31m
[1m[31mError: [0m[0m[1mError import KeyPair: InvalidParameterValue: Value for parameter PublicKeyMaterial is invalid. Length exceeds maximum of 2048.
	status code: 400, request id: cc703525-7271-4ede-ad09-8cf4550a75e3[0m

[0m[0m[0m
