[0m[1mmodule.iam.aws_iam_user.this: Refreshing state... [id=demo-edb-iam-postgres][0m
[0m[1mmodule.iam.aws_iam_access_key.this: Refreshing state... [id=AKIA2AGFO65HO4KHFSUI][0m
[0m[1mmodule.vpc.aws_vpc.main: Refreshing state... [id=vpc-006c2044551f17ff3][0m
[0m[1mmodule.network.data.aws_availability_zones.available: Refreshing state... [id=2020-09-10 20:11:59.374251603 +0000 UTC][0m
[0m[1mmodule.network.aws_subnet.public_subnets[1]: Refreshing state... [id=subnet-07ee6bd4c339111a8][0m
[0m[1mmodule.network.aws_subnet.public_subnets[2]: Refreshing state... [id=subnet-04715f0d4775afd7e][0m
[0m[1mmodule.network.aws_subnet.public_subnets[3]: Refreshing state... [id=subnet-0b4c5516820642ed7][0m
[0m[1mmodule.network.aws_subnet.public_subnets[0]: Refreshing state... [id=subnet-074ce416d6747ad2d][0m
[0m[1mmodule.policies.aws_iam_group.group: Refreshing state... [id=demo_EDB_PREREQS_POSTGRES_AWS_DEPLOYMENT_GROUP][0m
[0m[1mmodule.policies.aws_iam_policy.policy: Refreshing state... [id=arn:aws:iam::687608887118:policy/demo_EDB_PREREQS_POSTGRES_AWS_DEPLOYMENT_POLICY][0m
[0m[1mmodule.policies.aws_iam_policy_attachment.edb-prereq-policy-attach: Refreshing state... [id=demo_EDB_PREREQS_POSTGRES_AWS_DEPLOYMENT_POLICY_ATTACH][0m
[0m[1mmodule.routes.data.aws_subnet_ids.ids: Refreshing state... [id=vpc-006c2044551f17ff3][0m
[0m[1mmodule.routes.aws_internet_gateway.edb-prereqs-postgres-igw: Refreshing state... [id=igw-07addcc3603007bbd][0m
[0m[1mmodule.routes.aws_route_table.edb-prereqs-postgres-customroutetable: Refreshing state... [id=rtb-03cc474edaab24749][0m
[0m[1mmodule.routes.aws_route_table_association.edb-prereqs-postgres-rtassociations[1]: Refreshing state... [id=rtbassoc-073c63b99700c4af9][0m
[0m[1mmodule.routes.aws_route_table_association.edb-prereqs-postgres-rtassociations[0]: Refreshing state... [id=rtbassoc-05452cf741fad5751][0m
[0m[1mmodule.routes.aws_route_table_association.edb-prereqs-postgres-rtassociations[2]: Refreshing state... [id=rtbassoc-0b2118d3286b15e48][0m
[0m[1mmodule.routes.aws_route_table_association.edb-prereqs-postgres-rtassociations[3]: Refreshing state... [id=rtbassoc-0dfd9674f4bbb7533][0m
[0m[1mmodule.edb-db-cluster.data.aws_ami.centos_ami: Refreshing state... [id=ami-0bc06212a56393ee1][0m
[0m[1mmodule.edb-db-cluster.data.aws_subnet_ids.selected: Refreshing state... [id=vpc-006c2044551f17ff3][0m
[0m[1mmodule.edb-db-cluster.data.aws_ami.rhel_ami: Refreshing state... [id=ami-08ba09eb40efe35dd][0m
[0m[1mmodule.edb-db-cluster.aws_key_pair.key_pair: Refreshing state... [id=/home/doug/.ssh/id_rsa.pub][0m
[0m[1mmodule.edb-db-cluster.local_file.AnsibleOSCSVFile: Refreshing state... [id=a9ec8c1577e5e3e12157c665b663a9aad9439599][0m
[0m[1mmodule.security.aws_security_group.edb-prereqs-rules: Refreshing state... [id=sg-01c7bd537c1e7b290][0m
[0m[1mmodule.edb-db-cluster.aws_instance.EDB_DB_Cluster[3]: Refreshing state... [id=i-0fe8ddf46ef64440d][0m
[0m[1mmodule.edb-db-cluster.aws_instance.EDB_DB_Cluster[0]: Refreshing state... [id=i-011ed81d0612bc630][0m
[0m[1mmodule.edb-db-cluster.aws_instance.EDB_DB_Cluster[1]: Refreshing state... [id=i-0943b95e24515eb95][0m
[0m[1mmodule.edb-db-cluster.aws_instance.EDB_DB_Cluster[2]: Refreshing state... [id=i-07a3004c10f7a5775][0m
[0m[1mmodule.edb-db-cluster.local_file.host_script: Refreshing state... [id=0087962e59740bb1192a5cdc5ecfe3a5ebd7e173][0m
[0m[1mmodule.edb-db-cluster.local_file.AnsibleYamlInventory[2]: Refreshing state... [id=546baf25ea95a0e462eb8c5921343d3bc8a4f8fa][0m
[0m[1mmodule.edb-db-cluster.local_file.AnsibleYamlInventory[3]: Refreshing state... [id=546baf25ea95a0e462eb8c5921343d3bc8a4f8fa][0m
[0m[1mmodule.edb-db-cluster.local_file.AnsiblePEMYamlInventory[2]: Refreshing state... [id=5d2b271b089ebb0610b5f62ee2fea9c84e75b1ac][0m
[0m[1mmodule.edb-db-cluster.local_file.AnsiblePEMYamlInventory[0]: Refreshing state... [id=5d2b271b089ebb0610b5f62ee2fea9c84e75b1ac][0m
[0m[1mmodule.edb-db-cluster.local_file.AnsibleYamlInventory[1]: Refreshing state... [id=546baf25ea95a0e462eb8c5921343d3bc8a4f8fa][0m
[0m[1mmodule.edb-db-cluster.local_file.AnsiblePEMYamlInventory[1]: Refreshing state... [id=5d2b271b089ebb0610b5f62ee2fea9c84e75b1ac][0m
[0m[1mmodule.edb-db-cluster.local_file.AnsiblePEMYamlInventory[3]: Refreshing state... [id=5d2b271b089ebb0610b5f62ee2fea9c84e75b1ac][0m
[0m[1mmodule.edb-db-cluster.local_file.AnsibleYamlInventory[0]: Refreshing state... [id=546baf25ea95a0e462eb8c5921343d3bc8a4f8fa][0m
[0m[1mmodule.edb-db-cluster.local_file.AnsibleOSCSVFile: Destroying... [id=a9ec8c1577e5e3e12157c665b663a9aad9439599][0m[0m
[0m[1mmodule.edb-db-cluster.local_file.AnsibleOSCSVFile: Destruction complete after 0s[0m[0m
[0m[1mmodule.edb-db-cluster.local_file.host_script: Destroying... [id=0087962e59740bb1192a5cdc5ecfe3a5ebd7e173][0m[0m
[0m[1mmodule.edb-db-cluster.local_file.host_script: Destruction complete after 0s[0m[0m
[0m[1mmodule.edb-db-cluster.aws_instance.EDB_DB_Cluster[1]: Destroying... [id=i-0943b95e24515eb95][0m[0m
[0m[1mmodule.edb-db-cluster.aws_instance.EDB_DB_Cluster[3]: Destroying... [id=i-0fe8ddf46ef64440d][0m[0m
[0m[1mmodule.edb-db-cluster.aws_instance.EDB_DB_Cluster[0]: Destroying... [id=i-011ed81d0612bc630][0m[0m
[0m[1mmodule.edb-db-cluster.aws_instance.EDB_DB_Cluster[2]: Destroying... [id=i-07a3004c10f7a5775][0m[0m
[0m[1mmodule.edb-db-cluster.aws_instance.EDB_DB_Cluster[1]: Still destroying... [id=i-0943b95e24515eb95, 10s elapsed][0m[0m
[0m[1mmodule.edb-db-cluster.aws_instance.EDB_DB_Cluster[3]: Still destroying... [id=i-0fe8ddf46ef64440d, 10s elapsed][0m[0m
[0m[1mmodule.edb-db-cluster.aws_instance.EDB_DB_Cluster[0]: Still destroying... [id=i-011ed81d0612bc630, 10s elapsed][0m[0m
[0m[1mmodule.edb-db-cluster.aws_instance.EDB_DB_Cluster[2]: Still destroying... [id=i-07a3004c10f7a5775, 10s elapsed][0m[0m
[0m[1mmodule.edb-db-cluster.aws_instance.EDB_DB_Cluster[1]: Still destroying... [id=i-0943b95e24515eb95, 20s elapsed][0m[0m
[0m[1mmodule.edb-db-cluster.aws_instance.EDB_DB_Cluster[3]: Still destroying... [id=i-0fe8ddf46ef64440d, 20s elapsed][0m[0m
[0m[1mmodule.edb-db-cluster.aws_instance.EDB_DB_Cluster[0]: Still destroying... [id=i-011ed81d0612bc630, 20s elapsed][0m[0m
[0m[1mmodule.edb-db-cluster.aws_instance.EDB_DB_Cluster[2]: Still destroying... [id=i-07a3004c10f7a5775, 20s elapsed][0m[0m
[0m[1mmodule.edb-db-cluster.aws_instance.EDB_DB_Cluster[1]: Still destroying... [id=i-0943b95e24515eb95, 30s elapsed][0m[0m
[0m[1mmodule.edb-db-cluster.aws_instance.EDB_DB_Cluster[3]: Still destroying... [id=i-0fe8ddf46ef64440d, 30s elapsed][0m[0m
[0m[1mmodule.edb-db-cluster.aws_instance.EDB_DB_Cluster[0]: Still destroying... [id=i-011ed81d0612bc630, 30s elapsed][0m[0m
[0m[1mmodule.edb-db-cluster.aws_instance.EDB_DB_Cluster[2]: Still destroying... [id=i-07a3004c10f7a5775, 30s elapsed][0m[0m
[0m[1mmodule.edb-db-cluster.aws_instance.EDB_DB_Cluster[0]: Destruction complete after 31s[0m[0m
[0m[1mmodule.edb-db-cluster.aws_instance.EDB_DB_Cluster[2]: Destruction complete after 31s[0m[0m
[0m[1mmodule.edb-db-cluster.aws_instance.EDB_DB_Cluster[1]: Still destroying... [id=i-0943b95e24515eb95, 40s elapsed][0m[0m
[0m[1mmodule.edb-db-cluster.aws_instance.EDB_DB_Cluster[3]: Still destroying... [id=i-0fe8ddf46ef64440d, 40s elapsed][0m[0m
[0m[1mmodule.edb-db-cluster.aws_instance.EDB_DB_Cluster[1]: Destruction complete after 42s[0m[0m
[0m[1mmodule.edb-db-cluster.aws_instance.EDB_DB_Cluster[3]: Still destroying... [id=i-0fe8ddf46ef64440d, 50s elapsed][0m[0m
[0m[1mmodule.edb-db-cluster.aws_instance.EDB_DB_Cluster[3]: Destruction complete after 52s[0m[0m
[0m[1mmodule.security.aws_security_group.edb-prereqs-rules: Destroying... [id=sg-01c7bd537c1e7b290][0m[0m
[0m[1mmodule.edb-db-cluster.aws_key_pair.key_pair: Destroying... [id=/home/doug/.ssh/id_rsa.pub][0m[0m
[0m[1mmodule.edb-db-cluster.aws_key_pair.key_pair: Destruction complete after 1s[0m[0m
[0m[1mmodule.security.aws_security_group.edb-prereqs-rules: Destruction complete after 1s[0m[0m
[0m[1mmodule.routes.aws_route_table_association.edb-prereqs-postgres-rtassociations[1]: Destroying... [id=rtbassoc-073c63b99700c4af9][0m[0m
[0m[1mmodule.routes.aws_route_table_association.edb-prereqs-postgres-rtassociations[3]: Destroying... [id=rtbassoc-0dfd9674f4bbb7533][0m[0m
[0m[1mmodule.routes.aws_route_table_association.edb-prereqs-postgres-rtassociations[0]: Destroying... [id=rtbassoc-05452cf741fad5751][0m[0m
[0m[1mmodule.routes.aws_route_table_association.edb-prereqs-postgres-rtassociations[2]: Destroying... [id=rtbassoc-0b2118d3286b15e48][0m[0m
[0m[1mmodule.routes.aws_route_table_association.edb-prereqs-postgres-rtassociations[2]: Destruction complete after 1s[0m[0m
[0m[1mmodule.routes.aws_route_table_association.edb-prereqs-postgres-rtassociations[1]: Destruction complete after 1s[0m[0m
[0m[1mmodule.routes.aws_route_table_association.edb-prereqs-postgres-rtassociations[0]: Destruction complete after 1s[0m[0m
[0m[1mmodule.routes.aws_route_table_association.edb-prereqs-postgres-rtassociations[3]: Destruction complete after 1s[0m[0m
[0m[1mmodule.routes.aws_route_table.edb-prereqs-postgres-customroutetable: Destroying... [id=rtb-03cc474edaab24749][0m[0m
[0m[1mmodule.routes.aws_route_table.edb-prereqs-postgres-customroutetable: Destruction complete after 1s[0m[0m
[0m[1mmodule.routes.aws_internet_gateway.edb-prereqs-postgres-igw: Destroying... [id=igw-07addcc3603007bbd][0m[0m
[0m[1mmodule.routes.aws_internet_gateway.edb-prereqs-postgres-igw: Still destroying... [id=igw-07addcc3603007bbd, 10s elapsed][0m[0m
[0m[1mmodule.routes.aws_internet_gateway.edb-prereqs-postgres-igw: Destruction complete after 11s[0m[0m
[0m[1mmodule.policies.aws_iam_policy_attachment.edb-prereq-policy-attach: Destroying... [id=demo_EDB_PREREQS_POSTGRES_AWS_DEPLOYMENT_POLICY_ATTACH][0m[0m
[0m[1mmodule.policies.aws_iam_policy_attachment.edb-prereq-policy-attach: Destruction complete after 1s[0m[0m
[0m[1mmodule.policies.aws_iam_group.group: Destroying... [id=demo_EDB_PREREQS_POSTGRES_AWS_DEPLOYMENT_GROUP][0m[0m
[0m[1mmodule.policies.aws_iam_policy.policy: Destroying... [id=arn:aws:iam::687608887118:policy/demo_EDB_PREREQS_POSTGRES_AWS_DEPLOYMENT_POLICY][0m[0m
[0m[1mmodule.policies.aws_iam_group.group: Destruction complete after 1s[0m[0m
[0m[1mmodule.policies.aws_iam_policy.policy: Destruction complete after 1s[0m[0m
[0m[1mmodule.network.aws_subnet.public_subnets[1]: Destroying... [id=subnet-07ee6bd4c339111a8][0m[0m
[0m[1mmodule.network.aws_subnet.public_subnets[2]: Destroying... [id=subnet-04715f0d4775afd7e][0m[0m
[0m[1mmodule.network.aws_subnet.public_subnets[0]: Destroying... [id=subnet-074ce416d6747ad2d][0m[0m
[0m[1mmodule.network.aws_subnet.public_subnets[3]: Destroying... [id=subnet-0b4c5516820642ed7][0m[0m
[0m[1mmodule.network.aws_subnet.public_subnets[0]: Destruction complete after 1s[0m[0m
[0m[1mmodule.network.aws_subnet.public_subnets[1]: Destruction complete after 1s[0m[0m
[0m[1mmodule.network.aws_subnet.public_subnets[2]: Destruction complete after 1s[0m[0m
[0m[1mmodule.network.aws_subnet.public_subnets[3]: Destruction complete after 1s[0m[0m
[0m[1mmodule.vpc.aws_vpc.main: Destroying... [id=vpc-006c2044551f17ff3][0m[0m
[0m[1mmodule.vpc.aws_vpc.main: Destruction complete after 1s[0m[0m
[0m[1mmodule.iam.aws_iam_access_key.this: Destroying... [id=AKIA2AGFO65HO4KHFSUI][0m[0m
[0m[1mmodule.iam.aws_iam_access_key.this: Destruction complete after 0s[0m[0m
[0m[1mmodule.iam.aws_iam_user.this: Destroying... [id=demo-edb-iam-postgres][0m[0m
[0m[1mmodule.iam.aws_iam_user.this: Destruction complete after 3s[0m[0m
[0m[1m[32m
Destroy complete! Resources: 24 destroyed.[0m
