[0m[1mmodule.iam.aws_iam_user.this: Refreshing state... [id=demo-edb-iam-postgres][0m
[0m[1mmodule.iam.aws_iam_access_key.this: Refreshing state... [id=AKIA2AGFO65HOPGY7ZNF][0m
[0m[1mmodule.vpc.aws_vpc.main: Refreshing state... [id=vpc-0f393ae8bcea5ec66][0m
[0m[1mmodule.network.data.aws_availability_zones.available: Refreshing state... [id=2020-09-10 18:09:56.685616034 +0000 UTC][0m
[0m[1mmodule.network.aws_subnet.public_subnets[2]: Refreshing state... [id=subnet-0fe8e4f5ed0cb30f4][0m
[0m[1mmodule.network.aws_subnet.public_subnets[1]: Refreshing state... [id=subnet-049877ae7d2509b6b][0m
[0m[1mmodule.network.aws_subnet.public_subnets[3]: Refreshing state... [id=subnet-0bf6ec9e9246060ed][0m
[0m[1mmodule.network.aws_subnet.public_subnets[0]: Refreshing state... [id=subnet-0c2e3ab5fda63d448][0m
[0m[1mmodule.policies.aws_iam_group.group: Refreshing state... [id=demo_EDB_PREREQS_POSTGRES_AWS_DEPLOYMENT_GROUP][0m
[0m[1mmodule.policies.aws_iam_policy.policy: Refreshing state... [id=arn:aws:iam::687608887118:policy/demo_EDB_PREREQS_POSTGRES_AWS_DEPLOYMENT_POLICY][0m
[0m[1mmodule.policies.aws_iam_policy_attachment.edb-prereq-policy-attach: Refreshing state... [id=demo_EDB_PREREQS_POSTGRES_AWS_DEPLOYMENT_POLICY_ATTACH][0m
[0m[1mmodule.routes.data.aws_subnet_ids.ids: Refreshing state... [id=vpc-0f393ae8bcea5ec66][0m
[0m[1mmodule.routes.aws_internet_gateway.edb-prereqs-postgres-igw: Refreshing state... [id=igw-0e3d9d0b2c7ee0ce1][0m
[0m[1mmodule.routes.aws_route_table.edb-prereqs-postgres-customroutetable: Refreshing state... [id=rtb-0231a7b997f2f7f63][0m
[0m[1mmodule.routes.aws_route_table_association.edb-prereqs-postgres-rtassociations[1]: Refreshing state... [id=rtbassoc-0f1d896067394533b][0m
[0m[1mmodule.routes.aws_route_table_association.edb-prereqs-postgres-rtassociations[3]: Refreshing state... [id=rtbassoc-02ac1504a49f37c7b][0m
[0m[1mmodule.routes.aws_route_table_association.edb-prereqs-postgres-rtassociations[2]: Refreshing state... [id=rtbassoc-07708a723d1a75734][0m
[0m[1mmodule.routes.aws_route_table_association.edb-prereqs-postgres-rtassociations[0]: Refreshing state... [id=rtbassoc-08b72c4fea2f4396d][0m
[0m[1mmodule.edb-db-cluster.data.aws_subnet_ids.selected: Refreshing state... [id=vpc-0f393ae8bcea5ec66][0m
[0m[1mmodule.edb-db-cluster.data.aws_ami.centos_ami: Refreshing state... [id=ami-0bc06212a56393ee1][0m
[0m[1mmodule.edb-db-cluster.aws_key_pair.key_pair: Refreshing state... [id=/home/doug/.ssh/id_rsa.pub][0m
[0m[1mmodule.edb-db-cluster.data.aws_ami.rhel_ami: Refreshing state... [id=ami-08ba09eb40efe35dd][0m
[0m[1mmodule.security.aws_security_group.edb-prereqs-rules: Refreshing state... [id=sg-0ba8dd3033af33c05][0m
[0m[1mmodule.edb-db-cluster.local_file.AnsibleOSCSVFile: Refreshing state... [id=a9ec8c1577e5e3e12157c665b663a9aad9439599][0m
[0m[1mmodule.edb-db-cluster.aws_instance.EDB_DB_Cluster[0]: Refreshing state... [id=i-06d90249b823594f9][0m
[0m[1mmodule.edb-db-cluster.aws_instance.EDB_DB_Cluster[3]: Refreshing state... [id=i-0b7036247cfd56098][0m
[0m[1mmodule.edb-db-cluster.aws_instance.EDB_DB_Cluster[2]: Refreshing state... [id=i-0a5715157eafc3332][0m
[0m[1mmodule.edb-db-cluster.aws_instance.EDB_DB_Cluster[1]: Refreshing state... [id=i-077c815f1164b5934][0m
[0m[1mmodule.edb-db-cluster.local_file.host_script: Refreshing state... [id=91d66c40d05e278a3fa6509ea4d03b905cc41b7e][0m
[0m[1mmodule.edb-db-cluster.local_file.AnsiblePEMYamlInventory[2]: Refreshing state... [id=3ec421d35cbfd762ac8644cd5d691c25e10def05][0m
[0m[1mmodule.edb-db-cluster.local_file.AnsiblePEMYamlInventory[1]: Refreshing state... [id=3ec421d35cbfd762ac8644cd5d691c25e10def05][0m
[0m[1mmodule.edb-db-cluster.local_file.AnsiblePEMYamlInventory[0]: Refreshing state... [id=3ec421d35cbfd762ac8644cd5d691c25e10def05][0m
[0m[1mmodule.edb-db-cluster.local_file.AnsibleYamlInventory[0]: Refreshing state... [id=0fd5a78af4bf414dddcdd5086d60eeffcd372b24][0m
[0m[1mmodule.edb-db-cluster.local_file.AnsiblePEMYamlInventory[3]: Refreshing state... [id=3ec421d35cbfd762ac8644cd5d691c25e10def05][0m
[0m[1mmodule.edb-db-cluster.local_file.AnsibleYamlInventory[3]: Refreshing state... [id=0fd5a78af4bf414dddcdd5086d60eeffcd372b24][0m
[0m[1mmodule.edb-db-cluster.local_file.AnsibleYamlInventory[1]: Refreshing state... [id=0fd5a78af4bf414dddcdd5086d60eeffcd372b24][0m
[0m[1mmodule.edb-db-cluster.local_file.AnsibleYamlInventory[2]: Refreshing state... [id=0fd5a78af4bf414dddcdd5086d60eeffcd372b24][0m
[0m[1mmodule.edb-db-cluster.local_file.AnsibleOSCSVFile: Destroying... [id=a9ec8c1577e5e3e12157c665b663a9aad9439599][0m[0m
[0m[1mmodule.edb-db-cluster.local_file.host_script: Destroying... [id=91d66c40d05e278a3fa6509ea4d03b905cc41b7e][0m[0m
[0m[1mmodule.edb-db-cluster.local_file.AnsibleOSCSVFile: Destruction complete after 0s[0m[0m
[0m[1mmodule.edb-db-cluster.local_file.host_script: Destruction complete after 0s[0m[0m
[0m[1mmodule.edb-db-cluster.aws_instance.EDB_DB_Cluster[2]: Destroying... [id=i-0a5715157eafc3332][0m[0m
[0m[1mmodule.edb-db-cluster.aws_instance.EDB_DB_Cluster[1]: Destroying... [id=i-077c815f1164b5934][0m[0m
[0m[1mmodule.edb-db-cluster.aws_instance.EDB_DB_Cluster[0]: Destroying... [id=i-06d90249b823594f9][0m[0m
[0m[1mmodule.edb-db-cluster.aws_instance.EDB_DB_Cluster[3]: Destroying... [id=i-0b7036247cfd56098][0m[0m
[0m[1mmodule.edb-db-cluster.aws_instance.EDB_DB_Cluster[2]: Still destroying... [id=i-0a5715157eafc3332, 10s elapsed][0m[0m
[0m[1mmodule.edb-db-cluster.aws_instance.EDB_DB_Cluster[1]: Still destroying... [id=i-077c815f1164b5934, 10s elapsed][0m[0m
[0m[1mmodule.edb-db-cluster.aws_instance.EDB_DB_Cluster[0]: Still destroying... [id=i-06d90249b823594f9, 10s elapsed][0m[0m
[0m[1mmodule.edb-db-cluster.aws_instance.EDB_DB_Cluster[3]: Still destroying... [id=i-0b7036247cfd56098, 10s elapsed][0m[0m
[0m[1mmodule.edb-db-cluster.aws_instance.EDB_DB_Cluster[1]: Still destroying... [id=i-077c815f1164b5934, 20s elapsed][0m[0m
[0m[1mmodule.edb-db-cluster.aws_instance.EDB_DB_Cluster[2]: Still destroying... [id=i-0a5715157eafc3332, 20s elapsed][0m[0m
[0m[1mmodule.edb-db-cluster.aws_instance.EDB_DB_Cluster[0]: Still destroying... [id=i-06d90249b823594f9, 20s elapsed][0m[0m
[0m[1mmodule.edb-db-cluster.aws_instance.EDB_DB_Cluster[3]: Still destroying... [id=i-0b7036247cfd56098, 20s elapsed][0m[0m
[0m[1mmodule.edb-db-cluster.aws_instance.EDB_DB_Cluster[2]: Still destroying... [id=i-0a5715157eafc3332, 30s elapsed][0m[0m
[0m[1mmodule.edb-db-cluster.aws_instance.EDB_DB_Cluster[1]: Still destroying... [id=i-077c815f1164b5934, 30s elapsed][0m[0m
[0m[1mmodule.edb-db-cluster.aws_instance.EDB_DB_Cluster[0]: Still destroying... [id=i-06d90249b823594f9, 30s elapsed][0m[0m
[0m[1mmodule.edb-db-cluster.aws_instance.EDB_DB_Cluster[3]: Still destroying... [id=i-0b7036247cfd56098, 30s elapsed][0m[0m
[0m[1mmodule.edb-db-cluster.aws_instance.EDB_DB_Cluster[1]: Still destroying... [id=i-077c815f1164b5934, 40s elapsed][0m[0m
[0m[1mmodule.edb-db-cluster.aws_instance.EDB_DB_Cluster[2]: Still destroying... [id=i-0a5715157eafc3332, 40s elapsed][0m[0m
[0m[1mmodule.edb-db-cluster.aws_instance.EDB_DB_Cluster[0]: Still destroying... [id=i-06d90249b823594f9, 40s elapsed][0m[0m
[0m[1mmodule.edb-db-cluster.aws_instance.EDB_DB_Cluster[3]: Still destroying... [id=i-0b7036247cfd56098, 40s elapsed][0m[0m
[0m[1mmodule.edb-db-cluster.aws_instance.EDB_DB_Cluster[1]: Destruction complete after 42s[0m[0m
[0m[1mmodule.edb-db-cluster.aws_instance.EDB_DB_Cluster[3]: Destruction complete after 43s[0m[0m
[0m[1mmodule.edb-db-cluster.aws_instance.EDB_DB_Cluster[2]: Still destroying... [id=i-0a5715157eafc3332, 50s elapsed][0m[0m
[0m[1mmodule.edb-db-cluster.aws_instance.EDB_DB_Cluster[0]: Still destroying... [id=i-06d90249b823594f9, 50s elapsed][0m[0m
[0m[1mmodule.edb-db-cluster.aws_instance.EDB_DB_Cluster[0]: Destruction complete after 53s[0m[0m
[0m[1mmodule.edb-db-cluster.aws_instance.EDB_DB_Cluster[2]: Destruction complete after 53s[0m[0m
[0m[1mmodule.edb-db-cluster.aws_key_pair.key_pair: Destroying... [id=/home/doug/.ssh/id_rsa.pub][0m[0m
[0m[1mmodule.security.aws_security_group.edb-prereqs-rules: Destroying... [id=sg-0ba8dd3033af33c05][0m[0m
[0m[1mmodule.edb-db-cluster.aws_key_pair.key_pair: Destruction complete after 1s[0m[0m
[0m[1mmodule.security.aws_security_group.edb-prereqs-rules: Destruction complete after 1s[0m[0m
[0m[1mmodule.routes.aws_route_table_association.edb-prereqs-postgres-rtassociations[1]: Destroying... [id=rtbassoc-0f1d896067394533b][0m[0m
[0m[1mmodule.routes.aws_route_table_association.edb-prereqs-postgres-rtassociations[0]: Destroying... [id=rtbassoc-08b72c4fea2f4396d][0m[0m
[0m[1mmodule.routes.aws_route_table_association.edb-prereqs-postgres-rtassociations[2]: Destroying... [id=rtbassoc-07708a723d1a75734][0m[0m
[0m[1mmodule.routes.aws_route_table_association.edb-prereqs-postgres-rtassociations[3]: Destroying... [id=rtbassoc-02ac1504a49f37c7b][0m[0m
[0m[1mmodule.routes.aws_route_table_association.edb-prereqs-postgres-rtassociations[0]: Destruction complete after 1s[0m[0m
[0m[1mmodule.routes.aws_route_table_association.edb-prereqs-postgres-rtassociations[1]: Destruction complete after 1s[0m[0m
[0m[1mmodule.routes.aws_route_table_association.edb-prereqs-postgres-rtassociations[2]: Destruction complete after 1s[0m[0m
[0m[1mmodule.routes.aws_route_table_association.edb-prereqs-postgres-rtassociations[3]: Destruction complete after 1s[0m[0m
[0m[1mmodule.routes.aws_route_table.edb-prereqs-postgres-customroutetable: Destroying... [id=rtb-0231a7b997f2f7f63][0m[0m
[0m[1mmodule.routes.aws_route_table.edb-prereqs-postgres-customroutetable: Destruction complete after 1s[0m[0m
[0m[1mmodule.routes.aws_internet_gateway.edb-prereqs-postgres-igw: Destroying... [id=igw-0e3d9d0b2c7ee0ce1][0m[0m
[0m[1mmodule.routes.aws_internet_gateway.edb-prereqs-postgres-igw: Still destroying... [id=igw-0e3d9d0b2c7ee0ce1, 10s elapsed][0m[0m
[0m[1mmodule.routes.aws_internet_gateway.edb-prereqs-postgres-igw: Destruction complete after 12s[0m[0m
[0m[1mmodule.policies.aws_iam_policy_attachment.edb-prereq-policy-attach: Destroying... [id=demo_EDB_PREREQS_POSTGRES_AWS_DEPLOYMENT_POLICY_ATTACH][0m[0m
[0m[1mmodule.policies.aws_iam_policy_attachment.edb-prereq-policy-attach: Destruction complete after 1s[0m[0m
[0m[1mmodule.policies.aws_iam_policy.policy: Destroying... [id=arn:aws:iam::687608887118:policy/demo_EDB_PREREQS_POSTGRES_AWS_DEPLOYMENT_POLICY][0m[0m
[0m[1mmodule.policies.aws_iam_group.group: Destroying... [id=demo_EDB_PREREQS_POSTGRES_AWS_DEPLOYMENT_GROUP][0m[0m
[0m[1mmodule.policies.aws_iam_group.group: Destruction complete after 0s[0m[0m
[0m[1mmodule.policies.aws_iam_policy.policy: Destruction complete after 0s[0m[0m
[0m[1mmodule.network.aws_subnet.public_subnets[0]: Destroying... [id=subnet-0c2e3ab5fda63d448][0m[0m
[0m[1mmodule.network.aws_subnet.public_subnets[2]: Destroying... [id=subnet-0fe8e4f5ed0cb30f4][0m[0m
[0m[1mmodule.network.aws_subnet.public_subnets[1]: Destroying... [id=subnet-049877ae7d2509b6b][0m[0m
[0m[1mmodule.network.aws_subnet.public_subnets[3]: Destroying... [id=subnet-0bf6ec9e9246060ed][0m[0m
[0m[1mmodule.network.aws_subnet.public_subnets[3]: Destruction complete after 1s[0m[0m
[0m[1mmodule.network.aws_subnet.public_subnets[0]: Destruction complete after 2s[0m[0m
[0m[1mmodule.network.aws_subnet.public_subnets[2]: Destruction complete after 2s[0m[0m
[0m[1mmodule.network.aws_subnet.public_subnets[1]: Destruction complete after 2s[0m[0m
[0m[1mmodule.vpc.aws_vpc.main: Destroying... [id=vpc-0f393ae8bcea5ec66][0m[0m
[0m[1mmodule.vpc.aws_vpc.main: Destruction complete after 0s[0m[0m
[0m[1mmodule.iam.aws_iam_access_key.this: Destroying... [id=AKIA2AGFO65HOPGY7ZNF][0m[0m
[0m[1mmodule.iam.aws_iam_access_key.this: Destruction complete after 1s[0m[0m
[0m[1mmodule.iam.aws_iam_user.this: Destroying... [id=demo-edb-iam-postgres][0m[0m
[0m[1mmodule.iam.aws_iam_user.this: Destruction complete after 3s[0m[0m
[0m[1m[32m
Destroy complete! Resources: 24 destroyed.[0m
