PID: 16096 [09-10-20 13:11:39]: Building AWS Servers
PID: 16096 [09-10-20 13:11:39]: including project names in the variables and tags
[0m[1mInitializing modules...[0m

[0m[1mInitializing the backend...[0m

[0m[1mInitializing provider plugins...[0m
- Using previously-installed hashicorp/aws v3.5.0
- Using previously-installed hashicorp/local v1.4.0

The following providers do not have any version constraints in configuration,
so the latest version was installed.

To prevent automatic upgrades to new major versions that may contain breaking
changes, we recommend adding version constraints in a required_providers block
in your configuration, with the constraint strings suggested below.

* hashicorp/aws: version = "~> 3.5.0"
* hashicorp/local: version = "~> 1.4.0"

[0m[1m[32mTerraform has been successfully initialized![0m[32m[0m
[0m[32m
You may now begin working with Terraform. Try running "terraform plan" to see
any changes that are required for your infrastructure. All Terraform commands
should now work.

If you ever set or change modules or backend configuration for Terraform,
rerun this command to reinitialize your working directory. If you forget, other
commands will detect it and remind you to do so if necessary.[0m
[0m[1mmodule.iam.aws_iam_user.this: Creating...[0m[0m
[0m[1mmodule.iam.aws_iam_user.this: Creation complete after 1s [id=demo-edb-iam-postgres][0m[0m
[0m[1mmodule.iam.aws_iam_access_key.this: Creating...[0m[0m
[0m[1mmodule.iam.aws_iam_access_key.this: Creation complete after 0s [id=AKIA2AGFO65HO4KHFSUI][0m[0m
[0m[1mmodule.vpc.aws_vpc.main: Creating...[0m[0m
[0m[1mmodule.vpc.aws_vpc.main: Creation complete after 5s [id=vpc-006c2044551f17ff3][0m[0m
[0m[1mmodule.network.data.aws_availability_zones.available: Reading...[0m[0m
[0m[1mmodule.network.data.aws_availability_zones.available: Read complete after 1s [id=2020-09-10 20:11:59.374251603 +0000 UTC][0m[0m
[0m[1mmodule.network.aws_subnet.public_subnets[1]: Creating...[0m[0m
[0m[1mmodule.network.aws_subnet.public_subnets[2]: Creating...[0m[0m
[0m[1mmodule.network.aws_subnet.public_subnets[0]: Creating...[0m[0m
[0m[1mmodule.network.aws_subnet.public_subnets[3]: Creating...[0m[0m
[0m[1mmodule.network.aws_subnet.public_subnets[1]: Creation complete after 2s [id=subnet-07ee6bd4c339111a8][0m[0m
[0m[1mmodule.network.aws_subnet.public_subnets[2]: Creation complete after 2s [id=subnet-04715f0d4775afd7e][0m[0m
[0m[1mmodule.network.aws_subnet.public_subnets[3]: Creation complete after 2s [id=subnet-0b4c5516820642ed7][0m[0m
[0m[1mmodule.network.aws_subnet.public_subnets[0]: Creation complete after 2s [id=subnet-074ce416d6747ad2d][0m[0m
[0m[1mmodule.policies.aws_iam_group.group: Creating...[0m[0m
[0m[1mmodule.policies.aws_iam_policy.policy: Creating...[0m[0m
[0m[1mmodule.policies.aws_iam_group.group: Creation complete after 0s [id=demo_EDB_PREREQS_POSTGRES_AWS_DEPLOYMENT_GROUP][0m[0m
[0m[1mmodule.policies.aws_iam_policy.policy: Creation complete after 1s [id=arn:aws:iam::687608887118:policy/demo_EDB_PREREQS_POSTGRES_AWS_DEPLOYMENT_POLICY][0m[0m
[0m[1mmodule.policies.aws_iam_policy_attachment.edb-prereq-policy-attach: Creating...[0m[0m
[0m[1mmodule.policies.aws_iam_policy_attachment.edb-prereq-policy-attach: Creation complete after 2s [id=demo_EDB_PREREQS_POSTGRES_AWS_DEPLOYMENT_POLICY_ATTACH][0m[0m
[0m[1mmodule.routes.data.aws_subnet_ids.ids: Reading...[0m[0m
[0m[1mmodule.routes.aws_internet_gateway.edb-prereqs-postgres-igw: Creating...[0m[0m
[0m[1mmodule.routes.data.aws_subnet_ids.ids: Read complete after 0s [id=vpc-006c2044551f17ff3][0m[0m
[0m[1mmodule.routes.aws_internet_gateway.edb-prereqs-postgres-igw: Creation complete after 2s [id=igw-07addcc3603007bbd][0m[0m
[0m[1mmodule.routes.aws_route_table.edb-prereqs-postgres-customroutetable: Creating...[0m[0m
[0m[1mmodule.routes.aws_route_table.edb-prereqs-postgres-customroutetable: Creation complete after 2s [id=rtb-03cc474edaab24749][0m[0m
[0m[1mmodule.routes.aws_route_table_association.edb-prereqs-postgres-rtassociations[1]: Creating...[0m[0m
[0m[1mmodule.routes.aws_route_table_association.edb-prereqs-postgres-rtassociations[0]: Creating...[0m[0m
[0m[1mmodule.routes.aws_route_table_association.edb-prereqs-postgres-rtassociations[2]: Creating...[0m[0m
[0m[1mmodule.routes.aws_route_table_association.edb-prereqs-postgres-rtassociations[3]: Creating...[0m[0m
[0m[1mmodule.routes.aws_route_table_association.edb-prereqs-postgres-rtassociations[0]: Creation complete after 0s [id=rtbassoc-05452cf741fad5751][0m[0m
[0m[1mmodule.routes.aws_route_table_association.edb-prereqs-postgres-rtassociations[1]: Creation complete after 0s [id=rtbassoc-073c63b99700c4af9][0m[0m
[0m[1mmodule.routes.aws_route_table_association.edb-prereqs-postgres-rtassociations[3]: Creation complete after 0s [id=rtbassoc-0dfd9674f4bbb7533][0m[0m
[0m[1mmodule.routes.aws_route_table_association.edb-prereqs-postgres-rtassociations[2]: Creation complete after 0s [id=rtbassoc-0b2118d3286b15e48][0m[0m
[0m[1mmodule.edb-db-cluster.data.aws_ami.centos_ami: Reading...[0m[0m
[0m[1mmodule.edb-db-cluster.data.aws_ami.rhel_ami: Reading...[0m[0m
[0m[1mmodule.edb-db-cluster.local_file.AnsibleOSCSVFile: Creating...[0m[0m
[0m[1mmodule.edb-db-cluster.data.aws_subnet_ids.selected: Reading...[0m[0m
[0m[1mmodule.edb-db-cluster.local_file.AnsibleOSCSVFile: Creation complete after 0s [id=a9ec8c1577e5e3e12157c665b663a9aad9439599][0m[0m
[0m[1mmodule.edb-db-cluster.aws_key_pair.key_pair: Creating...[0m[0m
[0m[1mmodule.security.aws_security_group.edb-prereqs-rules: Creating...[0m[0m
[0m[1mmodule.edb-db-cluster.data.aws_subnet_ids.selected: Read complete after 0s [id=vpc-006c2044551f17ff3][0m[0m
[0m[1mmodule.edb-db-cluster.data.aws_ami.rhel_ami: Read complete after 0s [id=ami-08ba09eb40efe35dd][0m[0m
[0m[1mmodule.edb-db-cluster.data.aws_ami.centos_ami: Read complete after 0s [id=ami-0bc06212a56393ee1][0m[0m
[0m[1mmodule.edb-db-cluster.aws_key_pair.key_pair: Creation complete after 0s [id=/home/doug/.ssh/id_rsa.pub][0m[0m
[0m[1mmodule.security.aws_security_group.edb-prereqs-rules: Creation complete after 4s [id=sg-01c7bd537c1e7b290][0m[0m
[0m[1mmodule.edb-db-cluster.aws_instance.EDB_DB_Cluster[2]: Creating...[0m[0m
[0m[1mmodule.edb-db-cluster.aws_instance.EDB_DB_Cluster[1]: Creating...[0m[0m
[0m[1mmodule.edb-db-cluster.aws_instance.EDB_DB_Cluster[0]: Creating...[0m[0m
[0m[1mmodule.edb-db-cluster.aws_instance.EDB_DB_Cluster[3]: Creating...[0m[0m
[0m[1mmodule.edb-db-cluster.aws_instance.EDB_DB_Cluster[2]: Still creating... [10s elapsed][0m[0m
[0m[1mmodule.edb-db-cluster.aws_instance.EDB_DB_Cluster[1]: Still creating... [10s elapsed][0m[0m
[0m[1mmodule.edb-db-cluster.aws_instance.EDB_DB_Cluster[0]: Still creating... [10s elapsed][0m[0m
[0m[1mmodule.edb-db-cluster.aws_instance.EDB_DB_Cluster[3]: Still creating... [10s elapsed][0m[0m
[0m[1mmodule.edb-db-cluster.aws_instance.EDB_DB_Cluster[0]: Creation complete after 15s [id=i-011ed81d0612bc630][0m[0m
[0m[1mmodule.edb-db-cluster.aws_instance.EDB_DB_Cluster[1]: Creation complete after 15s [id=i-0943b95e24515eb95][0m[0m
[0m[1mmodule.edb-db-cluster.aws_instance.EDB_DB_Cluster[3]: Creation complete after 15s [id=i-0fe8ddf46ef64440d][0m[0m
[0m[1mmodule.edb-db-cluster.aws_instance.EDB_DB_Cluster[2]: Creation complete after 19s [id=i-07a3004c10f7a5775][0m[0m
[0m[1mmodule.edb-db-cluster.local_file.AnsibleYamlInventory[1]: Creating...[0m[0m
[0m[1mmodule.edb-db-cluster.local_file.AnsibleYamlInventory[2]: Creating...[0m[0m
[0m[1mmodule.edb-db-cluster.local_file.host_script: Creating...[0m[0m
[0m[1mmodule.edb-db-cluster.local_file.AnsibleYamlInventory[1]: Creation complete after 0s [id=546baf25ea95a0e462eb8c5921343d3bc8a4f8fa][0m[0m
[0m[1mmodule.edb-db-cluster.local_file.AnsiblePEMYamlInventory[2]: Creating...[0m[0m
[0m[1mmodule.edb-db-cluster.local_file.AnsibleYamlInventory[3]: Creating...[0m[0m
[0m[1mmodule.edb-db-cluster.local_file.AnsibleYamlInventory[2]: Creation complete after 0s [id=546baf25ea95a0e462eb8c5921343d3bc8a4f8fa][0m[0m
[0m[1mmodule.edb-db-cluster.local_file.AnsibleYamlInventory[0]: Creating...[0m[0m
[0m[1mmodule.edb-db-cluster.local_file.AnsiblePEMYamlInventory[0]: Creating...[0m[0m
[0m[1mmodule.edb-db-cluster.local_file.AnsiblePEMYamlInventory[3]: Creating...[0m[0m
[0m[1mmodule.edb-db-cluster.local_file.host_script: Creation complete after 0s [id=0087962e59740bb1192a5cdc5ecfe3a5ebd7e173][0m[0m
[0m[1mmodule.edb-db-cluster.local_file.AnsiblePEMYamlInventory[1]: Creating...[0m[0m
[0m[1mmodule.edb-db-cluster.local_file.AnsibleYamlInventory[3]: Creation complete after 0s [id=546baf25ea95a0e462eb8c5921343d3bc8a4f8fa][0m[0m
[0m[1mmodule.edb-db-cluster.local_file.AnsiblePEMYamlInventory[2]: Creation complete after 0s [id=5d2b271b089ebb0610b5f62ee2fea9c84e75b1ac][0m[0m
[0m[1mmodule.edb-db-cluster.local_file.AnsiblePEMYamlInventory[0]: Creation complete after 0s [id=5d2b271b089ebb0610b5f62ee2fea9c84e75b1ac][0m[0m
[0m[1mmodule.edb-db-cluster.local_file.AnsibleYamlInventory[0]: Creation complete after 0s [id=546baf25ea95a0e462eb8c5921343d3bc8a4f8fa][0m[0m
[0m[1mmodule.edb-db-cluster.local_file.AnsiblePEMYamlInventory[1]: Creation complete after 0s [id=5d2b271b089ebb0610b5f62ee2fea9c84e75b1ac][0m[0m
[0m[1mmodule.edb-db-cluster.local_file.AnsiblePEMYamlInventory[3]: Creation complete after 0s [id=5d2b271b089ebb0610b5f62ee2fea9c84e75b1ac][0m[0m
[0m[1m[32m
Apply complete! Resources: 32 added, 0 changed, 0 destroyed.[0m
PID: 16096 [09-10-20 13:12:33]: Waiting for Instances to be available
PID: 16096 [09-10-20 13:16:22]: instances are ready
